Log file open, 07/15/20 17:14:46
LogInit: Display: Running engine for game: MafiaGame
LogPlatformFile: Not using cached read wrapper
LogTaskGraph: Started task graph with 5 named threads and 23 total threads with 3 sets of task threads.
LogStats: Stats thread started at 0.669911
LogD3D11RHI: Loaded GFSDK_Aftermath_Lib.x64.dll
LogICUInternationalization: ICU TimeZone Detection - Raw Offset: +2:00, Platform Override: ''
LogPluginManager: Mounting plugin Paper2D
LogPluginManager: Mounting plugin AISupport
LogPluginManager: Mounting plugin LightPropagationVolume
LogPluginManager: Mounting plugin CameraShakePreviewer
LogPluginManager: Mounting plugin ActorLayerUtilities
LogPluginManager: Mounting plugin AnimationSharing
LogPluginManager: Mounting plugin CLionSourceCodeAccess
LogPluginManager: Mounting plugin CodeLiteSourceCodeAccess
LogPluginManager: Mounting plugin GitSourceControl
LogPluginManager: Mounting plugin KDevelopSourceCodeAccess
LogPluginManager: Mounting plugin NullSourceCodeAccess
LogPluginManager: Mounting plugin PerforceSourceControl
LogPluginManager: Mounting plugin PlasticSourceControl
LogPluginManager: Mounting plugin RiderSourceCodeAccess
LogPluginManager: Mounting plugin SubversionSourceControl
LogPluginManager: Mounting plugin UObjectPlugin
LogPluginManager: Mounting plugin VisualStudioCodeSourceCodeAccess
LogPluginManager: Mounting plugin VisualStudioSourceCodeAccess
LogPluginManager: Mounting plugin XCodeSourceCodeAccess
LogPluginManager: Mounting plugin AssetManagerEditor
LogPluginManager: Mounting plugin CryptoKeys
LogPluginManager: Mounting plugin CurveEditorTools
LogPluginManager: Mounting plugin DataValidation
LogPluginManager: Mounting plugin EditorScriptingUtilities
LogPluginManager: Mounting plugin FacialAnimation
LogPluginManager: Mounting plugin GameplayTagsEditor
LogPluginManager: Mounting plugin GeometryMode
LogPluginManager: Mounting plugin MacGraphicsSwitching
LogPluginManager: Mounting plugin MaterialAnalyzer
LogPluginManager: Mounting plugin MobileLauncherProfileWizard
LogPluginManager: Mounting plugin PluginBrowser
LogPluginManager: Mounting plugin SpeedTreeImporter
LogPluginManager: Mounting plugin DatasmithContent
LogPluginManager: Mounting plugin VariantManagerContent
LogPluginManager: Mounting plugin AlembicImporter
LogPluginManager: Mounting plugin AutomationUtils
LogPluginManager: Mounting plugin BackChannel
LogPluginManager: Mounting plugin ChaosCloth
LogPluginManager: Mounting plugin ChaosClothEditor
LogPluginManager: Mounting plugin ChaosEditor
LogPluginManager: Mounting plugin ChaosNiagara
LogPluginManager: Mounting plugin ChaosSolverPlugin
LogPluginManager: Mounting plugin CharacterAI
LogPluginManager: Mounting plugin GeometryCache
LogPluginManager: Mounting plugin GeometryCollectionPlugin
LogPluginManager: Mounting plugin GeometryProcessing
LogPluginManager: Mounting plugin PlanarCut
LogPluginManager: Mounting plugin PlatformCrypto
LogPluginManager: Mounting plugin ProxyLODPlugin
LogPluginManager: Mounting plugin SkeletalReduction
LogPluginManager: Mounting plugin Niagara
LogPluginManager: Mounting plugin MagicLeap
LogPluginManager: Mounting plugin MagicLeapLightEstimation
LogPluginManager: Mounting plugin MagicLeapMedia
LogPluginManager: Mounting plugin MagicLeapPassableWorld
LogPluginManager: Mounting plugin MLSDK
LogPluginManager: Mounting plugin AndroidMedia
LogPluginManager: Mounting plugin AvfMedia
LogPluginManager: Mounting plugin ImgMedia
LogPluginManager: Mounting plugin MediaCompositing
LogPluginManager: Mounting plugin MediaPlayerEditor
LogPluginManager: Mounting plugin WebMMedia
LogPluginManager: Mounting plugin WmfMedia
LogPluginManager: Mounting plugin MeshPainting
LogPluginManager: Mounting plugin TcpMessaging
LogPluginManager: Mounting plugin UdpMessaging
LogPluginManager: Mounting plugin ActorSequence
LogPluginManager: Mounting plugin LevelSequenceEditor
LogPluginManager: Mounting plugin MatineeToLevelSequence
LogPluginManager: Mounting plugin MovieRenderPipeline
LogPluginManager: Mounting plugin TemplateSequence
LogPluginManager: Mounting plugin NetcodeUnitTest
LogPluginManager: Mounting plugin NUTUnrealEngine4
LogPluginManager: Mounting plugin OnlineSubsystemGooglePlay
LogPluginManager: Mounting plugin OnlineSubsystemIOS
LogPluginManager: Mounting plugin OnlineSubsystem
LogPluginManager: Mounting plugin OnlineSubsystemNull
LogPluginManager: Mounting plugin OnlineSubsystemUtils
LogPluginManager: Mounting plugin LauncherChunkInstaller
LogPluginManager: Mounting plugin AndroidDeviceProfileSelector
LogPluginManager: Mounting plugin AndroidMoviePlayer
LogPluginManager: Mounting plugin AndroidPermission
LogPluginManager: Mounting plugin AppleImageUtils
LogPluginManager: Mounting plugin AppleMoviePlayer
LogPluginManager: Mounting plugin ArchVisCharacter
LogPluginManager: Mounting plugin AssetTags
LogPluginManager: Mounting plugin AudioCapture
LogPluginManager: Mounting plugin CableComponent
LogPluginManager: Mounting plugin CustomMeshComponent
LogPluginManager: Mounting plugin EditableMesh
LogPluginManager: Mounting plugin ExampleDeviceProfileSelector
LogPluginManager: Mounting plugin GoogleCloudMessaging
LogPluginManager: Mounting plugin GooglePAD
LogPluginManager: Mounting plugin IOSDeviceProfileSelector
LogPluginManager: Mounting plugin LinuxDeviceProfileSelector
LogPluginManager: Mounting plugin LocationServicesBPLibrary
LogPluginManager: Mounting plugin MobilePatchingUtils
LogPluginManager: Mounting plugin OculusVR
LogPluginManager: Mounting plugin PhysXVehicles
LogPluginManager: Mounting plugin PostSplashScreen
LogPluginManager: Mounting plugin ProceduralMeshComponent
LogPluginManager: Mounting plugin RuntimePhysXCooking
LogPluginManager: Mounting plugin SignificanceManager
LogPluginManager: Mounting plugin SoundFields
LogPluginManager: Mounting plugin SteamVR
LogPluginManager: Mounting plugin Synthesis
LogPluginManager: Mounting plugin WebMMoviePlayer
LogPluginManager: Mounting plugin WindowsMoviePlayer
LogPluginManager: Mounting plugin ScreenshotTools
LogInit: Using libcurl 7.55.1-DEV
LogInit:  - built for x86_64-pc-win32
LogInit:  - supports SSL with OpenSSL/1.1.1
LogInit:  - supports HTTP deflate (compression) using libz 1.2.8
LogInit:  - other features:
LogInit:      CURL_VERSION_SSL
LogInit:      CURL_VERSION_LIBZ
LogInit:      CURL_VERSION_IPV6
LogInit:      CURL_VERSION_ASYNCHDNS
LogInit:      CURL_VERSION_LARGEFILE
LogInit:      CURL_VERSION_IDN
LogInit:  CurlRequestOptions (configurable via config and command line):
LogInit:  - bVerifyPeer = true  - Libcurl will verify peer certificate
LogInit:  - bUseHttpProxy = false  - Libcurl will NOT use HTTP proxy
LogInit:  - bDontReuseConnections = false  - Libcurl will reuse connections
LogInit:  - MaxHostConnections = 16  - Libcurl will limit the number of connections to a host
LogInit:  - LocalHostAddr = Default
LogInit:  - BufferSize = 65536
LogOnline: OSS: Creating online subsystem instance for: NULL
LogInit: WinSock: version 1.1 (2.2), MaxSocks=32767, MaxUdp=65467
LogOnline: OSS: TryLoadSubsystemAndSetDefault: Loaded subsystem for module [NULL]
LogInit: Build: ++UE4+Release-4.25-CL-13594126
LogInit: Engine Version: 4.25.1-13594126+++UE4+Release-4.25
LogInit: Compatible Engine Version: 4.25.0-13144385+++UE4+Release-4.25
LogInit: Net CL: 13144385
LogInit: OS: Windows 10 (Release 2004) (), CPU: AMD Ryzen 5 2400G with Radeon Vega Graphics    , GPU: AMD Radeon(TM) RX Vega 11 Graphics
LogInit: Compiled (64-bit): Jun  2 2020 02:10:36
LogInit: Compiled with Visual C++: 19.24.28315.00
LogInit: Build Configuration: Development
LogInit: Branch Name: ++UE4+Release-4.25
LogInit: Command Line: 
LogInit: Base Directory: E:/Program Files/Epic Games/UE_4.25/Engine/Binaries/Win64/
LogInit: Allocator: TBB
LogInit: Installed Engine Build: 1
LogDevObjectVersion: Number of dev versions registered: 26
LogDevObjectVersion:   Dev-Blueprints (B0D832E4-1F89-4F0D-ACCF-7EB736FD4AA2): 10
LogDevObjectVersion:   Dev-Build (E1C64328-A22C-4D53-A36C-8E866417BD8C): 0
LogDevObjectVersion:   Dev-Core (375EC13C-06E4-48FB-B500-84F0262A717E): 4
LogDevObjectVersion:   Dev-Editor (E4B068ED-F494-42E9-A231-DA0B2E46BB41): 38
LogDevObjectVersion:   Dev-Framework (CFFC743F-43B0-4480-9391-14DF171D2073): 37
LogDevObjectVersion:   Dev-Mobile (B02B49B5-BB20-44E9-A304-32B752E40360): 2
LogDevObjectVersion:   Dev-Networking (A4E4105C-59A1-49B5-A7C5-40C4547EDFEE): 0
LogDevObjectVersion:   Dev-Online (39C831C9-5AE6-47DC-9A44-9C173E1C8E7C): 0
LogDevObjectVersion:   Dev-Physics (78F01B33-EBEA-4F98-B9B4-84EACCB95AA2): 4
LogDevObjectVersion:   Dev-Platform (6631380F-2D4D-43E0-8009-CF276956A95A): 0
LogDevObjectVersion:   Dev-Rendering (12F88B9F-8875-4AFC-A67C-D90C383ABD29): 43
LogDevObjectVersion:   Dev-Sequencer (7B5AE74C-D270-4C10-A958-57980B212A5A): 12
LogDevObjectVersion:   Dev-VR (D7296918-1DD6-4BDD-9DE2-64A83CC13884): 3
LogDevObjectVersion:   Dev-LoadTimes (C2A15278-BFE7-4AFE-6C17-90FF531DF755): 1
LogDevObjectVersion:   Private-Geometry (6EACA3D4-40EC-4CC1-B786-8BED09428FC5): 3
LogDevObjectVersion:   Dev-AnimPhys (29E575DD-E0A3-4627-9D10-D276232CDCEA): 17
LogDevObjectVersion:   Dev-Anim (AF43A65D-7FD3-4947-9873-3E8ED9C1BB05): 7
LogDevObjectVersion:   Dev-ReflectionCapture (6B266CEC-1EC7-4B8F-A30B-E4D90942FC07): 1
LogDevObjectVersion:   Dev-Automation (0DF73D61-A23F-47EA-B727-89E90C41499A): 1
LogDevObjectVersion:   FortniteMain (601D1886-AC64-4F84-AA16-D3DE0DEAC7D6): 31
LogDevObjectVersion:   Dev-Enterprise (9DFFBCD6-494F-0158-E221-12823C92A888): 10
LogDevObjectVersion:   Dev-Niagara (F2AED0AC-9AFE-416F-8664-AA7FFA26D6FC): 1
LogDevObjectVersion:   Dev-Destruction (174F1F0B-B4C6-45A5-B13F-2EE8D0FB917D): 10
LogDevObjectVersion:   Dev-Physics-Ext (35F94A83-E258-406C-A318-09F59610247C): 37
LogDevObjectVersion:   Dev-PhysicsMaterial-Chaos (B68FC16E-8B1B-42E2-B453-215C058844FE): 1
LogDevObjectVersion:   Dev-CineCamera (B2E18506-4273-CFC2-A54E-F4BB758BBA07): 1
LogInit: Presizing for max 25165824 objects, including 0 objects not considered by GC, pre-allocating 0 bytes for permanent pool.
LogConfig: Applying CVar settings from Section [/Script/Engine.StreamingSettings] File [E:/artMafia/MafiaGame/Saved/Config/Windows/Engine.ini]
LogConfig: Setting CVar [[s.MinBulkDataSizeForAsyncLoading:131072]]
LogConfig: Setting CVar [[s.AsyncLoadingThreadEnabled:0]]
LogConfig: Setting CVar [[s.EventDrivenLoaderEnabled:1]]
LogConfig: Setting CVar [[s.WarnIfTimeLimitExceeded:0]]
LogConfig: Setting CVar [[s.TimeLimitExceededMultiplier:1.5]]
LogConfig: Setting CVar [[s.TimeLimitExceededMinTime:0.005]]
LogConfig: Setting CVar [[s.UseBackgroundLevelStreaming:1]]
LogConfig: Setting CVar [[s.PriorityAsyncLoadingExtraTime:15.0]]
LogConfig: Setting CVar [[s.LevelStreamingActorsUpdateTimeLimit:5.0]]
LogConfig: Setting CVar [[s.PriorityLevelStreamingActorsUpdateExtraTime:5.0]]
LogConfig: Setting CVar [[s.LevelStreamingComponentsRegistrationGranularity:10]]
LogConfig: Setting CVar [[s.UnregisterComponentsTimeLimit:1.0]]
LogConfig: Setting CVar [[s.LevelStreamingComponentsUnregistrationGranularity:5]]
LogConfig: Setting CVar [[s.FlushStreamingOnExit:1]]
LogInit: Object subsystem initialized
LogConfig: Setting CVar [[con.DebugEarlyDefault:1]]
LogConfig: Setting CVar [[r.setres:1280x720]]
[2020.07.15-14.14.46:817][  0]LogConfig: Setting CVar [[r.VSync:0]]
[2020.07.15-14.14.46:818][  0]LogConfig: Setting CVar [[r.RHICmdBypass:0]]
[2020.07.15-14.14.46:818][  0]LogConfig: Applying CVar settings from Section [/Script/Engine.RendererSettings] File [E:/artMafia/MafiaGame/Saved/Config/Windows/Engine.ini]
[2020.07.15-14.14.46:818][  0]LogConfig: Setting CVar [[r.GPUCrashDebugging:0]]
[2020.07.15-14.14.46:818][  0]LogConfig: Applying CVar settings from Section [/Script/Engine.RendererOverrideSettings] File [E:/artMafia/MafiaGame/Saved/Config/Windows/Engine.ini]
[2020.07.15-14.14.46:818][  0]LogConfig: Applying CVar settings from Section [/Script/Engine.StreamingSettings] File [E:/artMafia/MafiaGame/Saved/Config/Windows/Engine.ini]
[2020.07.15-14.14.46:818][  0]LogConfig: Setting CVar [[s.MinBulkDataSizeForAsyncLoading:131072]]
[2020.07.15-14.14.46:818][  0]LogConfig: Setting CVar [[s.AsyncLoadingThreadEnabled:0]]
[2020.07.15-14.14.46:818][  0]LogConfig: Setting CVar [[s.EventDrivenLoaderEnabled:1]]
[2020.07.15-14.14.46:818][  0]LogConfig: Setting CVar [[s.WarnIfTimeLimitExceeded:0]]
[2020.07.15-14.14.46:818][  0]LogConfig: Setting CVar [[s.TimeLimitExceededMultiplier:1.5]]
[2020.07.15-14.14.46:818][  0]LogConfig: Setting CVar [[s.TimeLimitExceededMinTime:0.005]]
[2020.07.15-14.14.46:818][  0]LogConfig: Setting CVar [[s.UseBackgroundLevelStreaming:1]]
[2020.07.15-14.14.46:818][  0]LogConfig: Setting CVar [[s.PriorityAsyncLoadingExtraTime:15.0]]
[2020.07.15-14.14.46:818][  0]LogConfig: Setting CVar [[s.LevelStreamingActorsUpdateTimeLimit:5.0]]
[2020.07.15-14.14.46:818][  0]LogConfig: Setting CVar [[s.PriorityLevelStreamingActorsUpdateExtraTime:5.0]]
[2020.07.15-14.14.46:818][  0]LogConfig: Setting CVar [[s.LevelStreamingComponentsRegistrationGranularity:10]]
[2020.07.15-14.14.46:818][  0]LogConfig: Setting CVar [[s.UnregisterComponentsTimeLimit:1.0]]
[2020.07.15-14.14.46:818][  0]LogConfig: Setting CVar [[s.LevelStreamingComponentsUnregistrationGranularity:5]]
[2020.07.15-14.14.46:818][  0]LogConfig: Setting CVar [[s.FlushStreamingOnExit:1]]
[2020.07.15-14.14.46:818][  0]LogConfig: Applying CVar settings from Section [/Script/Engine.GarbageCollectionSettings] File [E:/artMafia/MafiaGame/Saved/Config/Windows/Engine.ini]
[2020.07.15-14.14.46:818][  0]LogConfig: Setting CVar [[gc.MaxObjectsNotConsideredByGC:1]]
[2020.07.15-14.14.46:818][  0]LogConfig: Setting CVar [[gc.SizeOfPermanentObjectPool:0]]
[2020.07.15-14.14.46:818][  0]LogConfig: Setting CVar [[gc.FlushStreamingOnGC:0]]
[2020.07.15-14.14.46:818][  0]LogConfig: Setting CVar [[gc.NumRetriesBeforeForcingGC:10]]
[2020.07.15-14.14.46:818][  0]LogConfig: Setting CVar [[gc.AllowParallelGC:1]]
[2020.07.15-14.14.46:818][  0]LogConfig: Setting CVar [[gc.TimeBetweenPurgingPendingKillObjects:61.1]]
[2020.07.15-14.14.46:818][  0]LogConfig: Setting CVar [[gc.MaxObjectsInEditor:25165824]]
[2020.07.15-14.14.46:818][  0]LogConfig: Setting CVar [[gc.IncrementalBeginDestroyEnabled:1]]
[2020.07.15-14.14.46:818][  0]LogConfig: Setting CVar [[gc.CreateGCClusters:1]]
[2020.07.15-14.14.46:818][  0]LogConfig: Setting CVar [[gc.MinGCClusterSize:5]]
[2020.07.15-14.14.46:818][  0]LogConfig: Setting CVar [[gc.ActorClusteringEnabled:0]]
[2020.07.15-14.14.46:818][  0]LogConfig: Setting CVar [[gc.BlueprintClusteringEnabled:0]]
[2020.07.15-14.14.46:818][  0]LogConfig: Setting CVar [[gc.UseDisregardForGCOnDedicatedServers:0]]
[2020.07.15-14.14.46:818][  0]LogConfig: Applying CVar settings from Section [/Script/Engine.NetworkSettings] File [E:/artMafia/MafiaGame/Saved/Config/Windows/Engine.ini]
[2020.07.15-14.14.46:818][  0]LogConfig: Applying CVar settings from Section [/Script/UnrealEd.CookerSettings] File [E:/artMafia/MafiaGame/Saved/Config/Windows/Engine.ini]
[2020.07.15-14.14.46:822][  0]LogConfig: Applying CVar settings from Section [ViewDistanceQuality@3] File [E:/artMafia/MafiaGame/Saved/Config/Windows/Scalability.ini]
[2020.07.15-14.14.46:822][  0]LogConfig: Setting CVar [[r.SkeletalMeshLODBias:0]]
[2020.07.15-14.14.46:822][  0]LogConfig: Setting CVar [[r.ViewDistanceScale:1.0]]
[2020.07.15-14.14.46:822][  0]LogConfig: Applying CVar settings from Section [AntiAliasingQuality@3] File [E:/artMafia/MafiaGame/Saved/Config/Windows/Scalability.ini]
[2020.07.15-14.14.46:822][  0]LogConfig: Setting CVar [[r.PostProcessAAQuality:4]]
[2020.07.15-14.14.46:822][  0]LogConfig: Applying CVar settings from Section [ShadowQuality@3] File [E:/artMafia/MafiaGame/Saved/Config/Windows/Scalability.ini]
[2020.07.15-14.14.46:822][  0]LogConfig: Setting CVar [[r.LightFunctionQuality:1]]
[2020.07.15-14.14.46:823][  0]LogConfig: Setting CVar [[r.ShadowQuality:5]]
[2020.07.15-14.14.46:823][  0]LogConfig: Setting CVar [[r.Shadow.CSM.MaxCascades:10]]
[2020.07.15-14.14.46:823][  0]LogConfig: Setting CVar [[r.Shadow.MaxResolution:2048]]
[2020.07.15-14.14.46:823][  0]LogConfig: Setting CVar [[r.Shadow.MaxCSMResolution:2048]]
[2020.07.15-14.14.46:823][  0]LogConfig: Setting CVar [[r.Shadow.RadiusThreshold:0.01]]
[2020.07.15-14.14.46:823][  0]LogConfig: Setting CVar [[r.Shadow.DistanceScale:1.0]]
[2020.07.15-14.14.46:823][  0]LogConfig: Setting CVar [[r.Shadow.CSM.TransitionScale:1.0]]
[2020.07.15-14.14.46:823][  0]LogConfig: Setting CVar [[r.Shadow.PreShadowResolutionFactor:1.0]]
[2020.07.15-14.14.46:823][  0]LogConfig: Setting CVar [[r.DistanceFieldShadowing:1]]
[2020.07.15-14.14.46:823][  0]LogConfig: Setting CVar [[r.DistanceFieldAO:1]]
[2020.07.15-14.14.46:823][  0]LogConfig: Setting CVar [[r.AOQuality:2]]
[2020.07.15-14.14.46:823][  0]LogConfig: Setting CVar [[r.VolumetricFog:1]]
[2020.07.15-14.14.46:823][  0]LogConfig: Setting CVar [[r.VolumetricFog.GridPixelSize:8]]
[2020.07.15-14.14.46:823][  0]LogConfig: Setting CVar [[r.VolumetricFog.GridSizeZ:128]]
[2020.07.15-14.14.46:823][  0]LogConfig: Setting CVar [[r.VolumetricFog.HistoryMissSupersampleCount:4]]
[2020.07.15-14.14.46:823][  0]LogConfig: Setting CVar [[r.LightMaxDrawDistanceScale:1]]
[2020.07.15-14.14.46:823][  0]LogConfig: Setting CVar [[r.CapsuleShadows:1]]
[2020.07.15-14.14.46:823][  0]LogConfig: Applying CVar settings from Section [PostProcessQuality@3] File [E:/artMafia/MafiaGame/Saved/Config/Windows/Scalability.ini]
[2020.07.15-14.14.46:823][  0]LogConfig: Setting CVar [[r.MotionBlurQuality:4]]
[2020.07.15-14.14.46:823][  0]LogConfig: Setting CVar [[r.AmbientOcclusionMipLevelFactor:0.4]]
[2020.07.15-14.14.46:823][  0]LogConfig: Setting CVar [[r.AmbientOcclusionMaxQuality:100]]
[2020.07.15-14.14.46:823][  0]LogConfig: Setting CVar [[r.AmbientOcclusionLevels:-1]]
[2020.07.15-14.14.46:823][  0]LogConfig: Setting CVar [[r.AmbientOcclusionRadiusScale:1.0]]
[2020.07.15-14.14.46:823][  0]LogConfig: Setting CVar [[r.DepthOfFieldQuality:2]]
[2020.07.15-14.14.46:823][  0]LogConfig: Setting CVar [[r.RenderTargetPoolMin:400]]
[2020.07.15-14.14.46:823][  0]LogConfig: Setting CVar [[r.LensFlareQuality:2]]
[2020.07.15-14.14.46:823][  0]LogConfig: Setting CVar [[r.SceneColorFringeQuality:1]]
[2020.07.15-14.14.46:823][  0]LogConfig: Setting CVar [[r.EyeAdaptationQuality:2]]
[2020.07.15-14.14.46:823][  0]LogConfig: Setting CVar [[r.BloomQuality:5]]
[2020.07.15-14.14.46:823][  0]LogConfig: Setting CVar [[r.FastBlurThreshold:100]]
[2020.07.15-14.14.46:823][  0]LogConfig: Setting CVar [[r.Upscale.Quality:3]]
[2020.07.15-14.14.46:823][  0]LogConfig: Setting CVar [[r.Tonemapper.GrainQuantization:1]]
[2020.07.15-14.14.46:823][  0]LogConfig: Setting CVar [[r.LightShaftQuality:1]]
[2020.07.15-14.14.46:823][  0]LogConfig: Setting CVar [[r.Filter.SizeScale:1]]
[2020.07.15-14.14.46:823][  0]LogConfig: Setting CVar [[r.Tonemapper.Quality:5]]
[2020.07.15-14.14.46:823][  0]LogConfig: Setting CVar [[r.DOF.Gather.AccumulatorQuality:1        ; higher gathering accumulator quality]]
[2020.07.15-14.14.46:823][  0]LogConfig: Setting CVar [[r.DOF.Gather.PostfilterMethod:1          ; Median3x3 postfilering method]]
[2020.07.15-14.14.46:823][  0]LogConfig: Setting CVar [[r.DOF.Gather.EnableBokehSettings:0       ; no bokeh simulation when gathering]]
[2020.07.15-14.14.46:823][  0]LogConfig: Setting CVar [[r.DOF.Gather.RingCount:4                 ; medium number of samples when gathering]]
[2020.07.15-14.14.46:823][  0]LogConfig: Setting CVar [[r.DOF.Scatter.ForegroundCompositing:1    ; additive foreground scattering]]
[2020.07.15-14.14.46:823][  0]LogConfig: Setting CVar [[r.DOF.Scatter.BackgroundCompositing:2    ; additive background scattering]]
[2020.07.15-14.14.46:823][  0]LogConfig: Setting CVar [[r.DOF.Scatter.EnableBokehSettings:1      ; bokeh simulation when scattering]]
[2020.07.15-14.14.46:823][  0]LogConfig: Setting CVar [[r.DOF.Scatter.MaxSpriteRatio:0.1         ; only a maximum of 10% of scattered bokeh]]
[2020.07.15-14.14.46:823][  0]LogConfig: Setting CVar [[r.DOF.Recombine.Quality:1                ; cheap slight out of focus]]
[2020.07.15-14.14.46:823][  0]LogConfig: Setting CVar [[r.DOF.Recombine.EnableBokehSettings:0    ; no bokeh simulation on slight out of focus]]
[2020.07.15-14.14.46:823][  0]LogConfig: Setting CVar [[r.DOF.TemporalAAQuality:1                ; more stable temporal accumulation]]
[2020.07.15-14.14.46:823][  0]LogConfig: Setting CVar [[r.DOF.Kernel.MaxForegroundRadius:0.025]]
[2020.07.15-14.14.46:823][  0]LogConfig: Setting CVar [[r.DOF.Kernel.MaxBackgroundRadius:0.025]]
[2020.07.15-14.14.46:823][  0]LogConfig: Applying CVar settings from Section [TextureQuality@3] File [E:/artMafia/MafiaGame/Saved/Config/Windows/Scalability.ini]
[2020.07.15-14.14.46:823][  0]LogConfig: Setting CVar [[r.Streaming.MipBias:0]]
[2020.07.15-14.14.46:823][  0]LogConfig: Setting CVar [[r.Streaming.AmortizeCPUToGPUCopy:0]]
[2020.07.15-14.14.46:823][  0]LogConfig: Setting CVar [[r.Streaming.MaxNumTexturesToStreamPerFrame:0]]
[2020.07.15-14.14.46:823][  0]LogConfig: Setting CVar [[r.Streaming.Boost:1]]
[2020.07.15-14.14.46:823][  0]LogConfig: Setting CVar [[r.MaxAnisotropy:8]]
[2020.07.15-14.14.46:823][  0]LogConfig: Setting CVar [[r.VT.MaxAnisotropy:8]]
[2020.07.15-14.14.46:823][  0]LogConfig: Setting CVar [[r.Streaming.LimitPoolSizeToVRAM:0]]
[2020.07.15-14.14.46:823][  0]LogConfig: Setting CVar [[r.Streaming.PoolSize:1000]]
[2020.07.15-14.14.46:823][  0]LogConfig: Setting CVar [[r.Streaming.MaxEffectiveScreenSize:0]]
[2020.07.15-14.14.46:823][  0]LogConfig: Applying CVar settings from Section [EffectsQuality@3] File [E:/artMafia/MafiaGame/Saved/Config/Windows/Scalability.ini]
[2020.07.15-14.14.46:823][  0]LogConfig: Setting CVar [[r.TranslucencyLightingVolumeDim:64]]
[2020.07.15-14.14.46:823][  0]LogConfig: Setting CVar [[r.RefractionQuality:2]]
[2020.07.15-14.14.46:823][  0]LogConfig: Setting CVar [[r.SSR.Quality:3]]
[2020.07.15-14.14.46:823][  0]LogConfig: Setting CVar [[r.SSR.HalfResSceneColor:0]]
[2020.07.15-14.14.46:823][  0]LogConfig: Setting CVar [[r.SceneColorFormat:4]]
[2020.07.15-14.14.46:823][  0]LogConfig: Setting CVar [[r.DetailMode:2]]
[2020.07.15-14.14.46:823][  0]LogConfig: Setting CVar [[r.TranslucencyVolumeBlur:1]]
[2020.07.15-14.14.46:823][  0]LogConfig: Setting CVar [[r.MaterialQualityLevel:1 ; High quality]]
[2020.07.15-14.14.46:824][  0]LogConfig: Setting CVar [[r.SSS.Scale:1]]
[2020.07.15-14.14.46:824][  0]LogConfig: Setting CVar [[r.SSS.SampleSet:2]]
[2020.07.15-14.14.46:824][  0]LogConfig: Setting CVar [[r.SSS.Quality:1]]
[2020.07.15-14.14.46:824][  0]LogConfig: Setting CVar [[r.SSS.HalfRes:0]]
[2020.07.15-14.14.46:824][  0]LogConfig: Setting CVar [[r.SSGI.Quality:3]]
[2020.07.15-14.14.46:824][  0]LogConfig: Setting CVar [[r.EmitterSpawnRateScale:1.0]]
[2020.07.15-14.14.46:824][  0]LogConfig: Setting CVar [[r.ParticleLightQuality:2]]
[2020.07.15-14.14.46:824][  0]LogConfig: Setting CVar [[r.SkyAtmosphere.AerialPerspectiveLUT.FastApplyOnOpaque:1 ; Always have FastSkyLUT 1 in this case to avoid wrong sky]]
[2020.07.15-14.14.46:824][  0]LogConfig: Setting CVar [[r.SkyAtmosphere.AerialPerspectiveLUT.SampleCountPerSlice:1]]
[2020.07.15-14.14.46:824][  0]LogConfig: Setting CVar [[r.SkyAtmosphere.AerialPerspectiveLUT.DepthResolution:16.0]]
[2020.07.15-14.14.46:824][  0]LogConfig: Setting CVar [[r.SkyAtmosphere.FastSkyLUT:1]]
[2020.07.15-14.14.46:824][  0]LogConfig: Setting CVar [[r.SkyAtmosphere.FastSkyLUT.SampleCountMin:4.0]]
[2020.07.15-14.14.46:824][  0]LogConfig: Setting CVar [[r.SkyAtmosphere.FastSkyLUT.SampleCountMax:32.0]]
[2020.07.15-14.14.46:824][  0]LogConfig: Setting CVar [[r.SkyAtmosphere.SampleCountMin:4.0]]
[2020.07.15-14.14.46:824][  0]LogConfig: Setting CVar [[r.SkyAtmosphere.SampleCountMax:32.0]]
[2020.07.15-14.14.46:824][  0]LogConfig: Setting CVar [[r.SkyAtmosphere.TransmittanceLUT.UseSmallFormat:0]]
[2020.07.15-14.14.46:824][  0]LogConfig: Setting CVar [[r.SkyAtmosphere.TransmittanceLUT.SampleCount:10.0]]
[2020.07.15-14.14.46:824][  0]LogConfig: Setting CVar [[r.SkyAtmosphere.MultiScatteringLUT.SampleCount:15.0]]
[2020.07.15-14.14.46:824][  0]LogConfig: Applying CVar settings from Section [FoliageQuality@3] File [E:/artMafia/MafiaGame/Saved/Config/Windows/Scalability.ini]
[2020.07.15-14.14.46:824][  0]LogConfig: Setting CVar [[foliage.DensityScale:1.0]]
[2020.07.15-14.14.46:824][  0]LogConfig: Setting CVar [[grass.DensityScale:1.0]]
[2020.07.15-14.14.46:824][  0]LogConfig: Applying CVar settings from Section [ShadingQuality@3] File [E:/artMafia/MafiaGame/Saved/Config/Windows/Scalability.ini]
[2020.07.15-14.14.46:824][  0]LogConfig: Setting CVar [[r.HairStrands.SkyLighting.SampleCount:16]]
[2020.07.15-14.14.46:824][  0]LogConfig: Setting CVar [[r.HairStrands.SkyLighting.JitterIntegration:0]]
[2020.07.15-14.14.46:824][  0]LogConfig: Setting CVar [[r.HairStrands.SkyAO.SampleCount:16]]
[2020.07.15-14.14.46:824][  0]LogConfig: Setting CVar [[r.HairStrands.DeepShadow.SuperSampling:0]]
[2020.07.15-14.14.46:824][  0]LogConfig: Setting CVar [[r.HairStrands.VisibilityPPLL:0]]
[2020.07.15-14.14.46:824][  0]LogConfig: Setting CVar [[r.HairStrands.RasterizationScale:0.5]]
[2020.07.15-14.14.46:824][  0]LogConfig: Setting CVar [[r.HairStrands.VelocityRasterizationScale:1]]
[2020.07.15-14.14.46:824][  0]LogInit: Selected Device Profile: [Windows]
[2020.07.15-14.14.46:824][  0]LogInit: Applying CVar settings loaded from the selected device profile: [Windows]
[2020.07.15-14.14.46:824][  0]LogHAL: Display: Platform has ~ 14 GB [14961037312 / 17179869184 / 14], which maps to Larger [LargestMinGB=32, LargerMinGB=12, DefaultMinGB=8, SmallerMinGB=6, SmallestMinGB=0)
[2020.07.15-14.14.46:824][  0]LogInit: Going up to parent DeviceProfile []
[2020.07.15-14.14.46:824][  0]LogConfig: Applying CVar settings from Section [ViewDistanceQuality@3] File [E:/artMafia/MafiaGame/Saved/Config/Windows/Scalability.ini]
[2020.07.15-14.14.46:824][  0]LogConfig: Setting CVar [[r.SkeletalMeshLODBias:0]]
[2020.07.15-14.14.46:824][  0]LogConfig: Setting CVar [[r.ViewDistanceScale:1.0]]
[2020.07.15-14.14.46:824][  0]LogConfig: Applying CVar settings from Section [AntiAliasingQuality@3] File [E:/artMafia/MafiaGame/Saved/Config/Windows/Scalability.ini]
[2020.07.15-14.14.46:824][  0]LogConfig: Setting CVar [[r.PostProcessAAQuality:4]]
[2020.07.15-14.14.46:824][  0]LogConfig: Applying CVar settings from Section [ShadowQuality@3] File [E:/artMafia/MafiaGame/Saved/Config/Windows/Scalability.ini]
[2020.07.15-14.14.46:824][  0]LogConfig: Setting CVar [[r.LightFunctionQuality:1]]
[2020.07.15-14.14.46:824][  0]LogConfig: Setting CVar [[r.ShadowQuality:5]]
[2020.07.15-14.14.46:824][  0]LogConfig: Setting CVar [[r.Shadow.CSM.MaxCascades:10]]
[2020.07.15-14.14.46:824][  0]LogConfig: Setting CVar [[r.Shadow.MaxResolution:2048]]
[2020.07.15-14.14.46:824][  0]LogConfig: Setting CVar [[r.Shadow.MaxCSMResolution:2048]]
[2020.07.15-14.14.46:824][  0]LogConfig: Setting CVar [[r.Shadow.RadiusThreshold:0.01]]
[2020.07.15-14.14.46:824][  0]LogConfig: Setting CVar [[r.Shadow.DistanceScale:1.0]]
[2020.07.15-14.14.46:824][  0]LogConfig: Setting CVar [[r.Shadow.CSM.TransitionScale:1.0]]
[2020.07.15-14.14.46:824][  0]LogConfig: Setting CVar [[r.Shadow.PreShadowResolutionFactor:1.0]]
[2020.07.15-14.14.46:824][  0]LogConfig: Setting CVar [[r.DistanceFieldShadowing:1]]
[2020.07.15-14.14.46:824][  0]LogConfig: Setting CVar [[r.DistanceFieldAO:1]]
[2020.07.15-14.14.46:824][  0]LogConfig: Setting CVar [[r.AOQuality:2]]
[2020.07.15-14.14.46:824][  0]LogConfig: Setting CVar [[r.VolumetricFog:1]]
[2020.07.15-14.14.46:824][  0]LogConfig: Setting CVar [[r.VolumetricFog.GridPixelSize:8]]
[2020.07.15-14.14.46:824][  0]LogConfig: Setting CVar [[r.VolumetricFog.GridSizeZ:128]]
[2020.07.15-14.14.46:824][  0]LogConfig: Setting CVar [[r.VolumetricFog.HistoryMissSupersampleCount:4]]
[2020.07.15-14.14.46:824][  0]LogConfig: Setting CVar [[r.LightMaxDrawDistanceScale:1]]
[2020.07.15-14.14.46:824][  0]LogConfig: Setting CVar [[r.CapsuleShadows:1]]
[2020.07.15-14.14.46:824][  0]LogConfig: Applying CVar settings from Section [PostProcessQuality@3] File [E:/artMafia/MafiaGame/Saved/Config/Windows/Scalability.ini]
[2020.07.15-14.14.46:824][  0]LogConfig: Setting CVar [[r.MotionBlurQuality:4]]
[2020.07.15-14.14.46:824][  0]LogConfig: Setting CVar [[r.AmbientOcclusionMipLevelFactor:0.4]]
[2020.07.15-14.14.46:824][  0]LogConfig: Setting CVar [[r.AmbientOcclusionMaxQuality:100]]
[2020.07.15-14.14.46:824][  0]LogConfig: Setting CVar [[r.AmbientOcclusionLevels:-1]]
[2020.07.15-14.14.46:824][  0]LogConfig: Setting CVar [[r.AmbientOcclusionRadiusScale:1.0]]
[2020.07.15-14.14.46:824][  0]LogConfig: Setting CVar [[r.DepthOfFieldQuality:2]]
[2020.07.15-14.14.46:824][  0]LogConfig: Setting CVar [[r.RenderTargetPoolMin:400]]
[2020.07.15-14.14.46:825][  0]LogConfig: Setting CVar [[r.LensFlareQuality:2]]
[2020.07.15-14.14.46:825][  0]LogConfig: Setting CVar [[r.SceneColorFringeQuality:1]]
[2020.07.15-14.14.46:825][  0]LogConfig: Setting CVar [[r.EyeAdaptationQuality:2]]
[2020.07.15-14.14.46:825][  0]LogConfig: Setting CVar [[r.BloomQuality:5]]
[2020.07.15-14.14.46:825][  0]LogConfig: Setting CVar [[r.FastBlurThreshold:100]]
[2020.07.15-14.14.46:825][  0]LogConfig: Setting CVar [[r.Upscale.Quality:3]]
[2020.07.15-14.14.46:825][  0]LogConfig: Setting CVar [[r.Tonemapper.GrainQuantization:1]]
[2020.07.15-14.14.46:825][  0]LogConfig: Setting CVar [[r.LightShaftQuality:1]]
[2020.07.15-14.14.46:825][  0]LogConfig: Setting CVar [[r.Filter.SizeScale:1]]
[2020.07.15-14.14.46:825][  0]LogConfig: Setting CVar [[r.Tonemapper.Quality:5]]
[2020.07.15-14.14.46:825][  0]LogConfig: Setting CVar [[r.DOF.Gather.AccumulatorQuality:1        ; higher gathering accumulator quality]]
[2020.07.15-14.14.46:825][  0]LogConfig: Setting CVar [[r.DOF.Gather.PostfilterMethod:1          ; Median3x3 postfilering method]]
[2020.07.15-14.14.46:825][  0]LogConfig: Setting CVar [[r.DOF.Gather.EnableBokehSettings:0       ; no bokeh simulation when gathering]]
[2020.07.15-14.14.46:825][  0]LogConfig: Setting CVar [[r.DOF.Gather.RingCount:4                 ; medium number of samples when gathering]]
[2020.07.15-14.14.46:825][  0]LogConfig: Setting CVar [[r.DOF.Scatter.ForegroundCompositing:1    ; additive foreground scattering]]
[2020.07.15-14.14.46:825][  0]LogConfig: Setting CVar [[r.DOF.Scatter.BackgroundCompositing:2    ; additive background scattering]]
[2020.07.15-14.14.46:825][  0]LogConfig: Setting CVar [[r.DOF.Scatter.EnableBokehSettings:1      ; bokeh simulation when scattering]]
[2020.07.15-14.14.46:825][  0]LogConfig: Setting CVar [[r.DOF.Scatter.MaxSpriteRatio:0.1         ; only a maximum of 10% of scattered bokeh]]
[2020.07.15-14.14.46:825][  0]LogConfig: Setting CVar [[r.DOF.Recombine.Quality:1                ; cheap slight out of focus]]
[2020.07.15-14.14.46:825][  0]LogConfig: Setting CVar [[r.DOF.Recombine.EnableBokehSettings:0    ; no bokeh simulation on slight out of focus]]
[2020.07.15-14.14.46:825][  0]LogConfig: Setting CVar [[r.DOF.TemporalAAQuality:1                ; more stable temporal accumulation]]
[2020.07.15-14.14.46:825][  0]LogConfig: Setting CVar [[r.DOF.Kernel.MaxForegroundRadius:0.025]]
[2020.07.15-14.14.46:825][  0]LogConfig: Setting CVar [[r.DOF.Kernel.MaxBackgroundRadius:0.025]]
[2020.07.15-14.14.46:825][  0]LogConfig: Applying CVar settings from Section [TextureQuality@3] File [E:/artMafia/MafiaGame/Saved/Config/Windows/Scalability.ini]
[2020.07.15-14.14.46:825][  0]LogConfig: Setting CVar [[r.Streaming.MipBias:0]]
[2020.07.15-14.14.46:825][  0]LogConfig: Setting CVar [[r.Streaming.AmortizeCPUToGPUCopy:0]]
[2020.07.15-14.14.46:825][  0]LogConfig: Setting CVar [[r.Streaming.MaxNumTexturesToStreamPerFrame:0]]
[2020.07.15-14.14.46:825][  0]LogConfig: Setting CVar [[r.Streaming.Boost:1]]
[2020.07.15-14.14.46:825][  0]LogConfig: Setting CVar [[r.MaxAnisotropy:8]]
[2020.07.15-14.14.46:825][  0]LogConfig: Setting CVar [[r.VT.MaxAnisotropy:8]]
[2020.07.15-14.14.46:825][  0]LogConfig: Setting CVar [[r.Streaming.LimitPoolSizeToVRAM:0]]
[2020.07.15-14.14.46:825][  0]LogConfig: Setting CVar [[r.Streaming.PoolSize:1000]]
[2020.07.15-14.14.46:825][  0]LogConfig: Setting CVar [[r.Streaming.MaxEffectiveScreenSize:0]]
[2020.07.15-14.14.46:825][  0]LogConfig: Applying CVar settings from Section [EffectsQuality@3] File [E:/artMafia/MafiaGame/Saved/Config/Windows/Scalability.ini]
[2020.07.15-14.14.46:825][  0]LogConfig: Setting CVar [[r.TranslucencyLightingVolumeDim:64]]
[2020.07.15-14.14.46:825][  0]LogConfig: Setting CVar [[r.RefractionQuality:2]]
[2020.07.15-14.14.46:825][  0]LogConfig: Setting CVar [[r.SSR.Quality:3]]
[2020.07.15-14.14.46:825][  0]LogConfig: Setting CVar [[r.SSR.HalfResSceneColor:0]]
[2020.07.15-14.14.46:825][  0]LogConfig: Setting CVar [[r.SceneColorFormat:4]]
[2020.07.15-14.14.46:825][  0]LogConfig: Setting CVar [[r.DetailMode:2]]
[2020.07.15-14.14.46:825][  0]LogConfig: Setting CVar [[r.TranslucencyVolumeBlur:1]]
[2020.07.15-14.14.46:825][  0]LogConfig: Setting CVar [[r.MaterialQualityLevel:1 ; High quality]]
[2020.07.15-14.14.46:825][  0]LogConfig: Setting CVar [[r.SSS.Scale:1]]
[2020.07.15-14.14.46:825][  0]LogConfig: Setting CVar [[r.SSS.SampleSet:2]]
[2020.07.15-14.14.46:825][  0]LogConfig: Setting CVar [[r.SSS.Quality:1]]
[2020.07.15-14.14.46:825][  0]LogConfig: Setting CVar [[r.SSS.HalfRes:0]]
[2020.07.15-14.14.46:825][  0]LogConfig: Setting CVar [[r.SSGI.Quality:3]]
[2020.07.15-14.14.46:825][  0]LogConfig: Setting CVar [[r.EmitterSpawnRateScale:1.0]]
[2020.07.15-14.14.46:825][  0]LogConfig: Setting CVar [[r.ParticleLightQuality:2]]
[2020.07.15-14.14.46:825][  0]LogConfig: Setting CVar [[r.SkyAtmosphere.AerialPerspectiveLUT.FastApplyOnOpaque:1 ; Always have FastSkyLUT 1 in this case to avoid wrong sky]]
[2020.07.15-14.14.46:825][  0]LogConfig: Setting CVar [[r.SkyAtmosphere.AerialPerspectiveLUT.SampleCountPerSlice:1]]
[2020.07.15-14.14.46:825][  0]LogConfig: Setting CVar [[r.SkyAtmosphere.AerialPerspectiveLUT.DepthResolution:16.0]]
[2020.07.15-14.14.46:825][  0]LogConfig: Setting CVar [[r.SkyAtmosphere.FastSkyLUT:1]]
[2020.07.15-14.14.46:825][  0]LogConfig: Setting CVar [[r.SkyAtmosphere.FastSkyLUT.SampleCountMin:4.0]]
[2020.07.15-14.14.46:825][  0]LogConfig: Setting CVar [[r.SkyAtmosphere.FastSkyLUT.SampleCountMax:32.0]]
[2020.07.15-14.14.46:825][  0]LogConfig: Setting CVar [[r.SkyAtmosphere.SampleCountMin:4.0]]
[2020.07.15-14.14.46:825][  0]LogConfig: Setting CVar [[r.SkyAtmosphere.SampleCountMax:32.0]]
[2020.07.15-14.14.46:825][  0]LogConfig: Setting CVar [[r.SkyAtmosphere.TransmittanceLUT.UseSmallFormat:0]]
[2020.07.15-14.14.46:825][  0]LogConfig: Setting CVar [[r.SkyAtmosphere.TransmittanceLUT.SampleCount:10.0]]
[2020.07.15-14.14.46:825][  0]LogConfig: Setting CVar [[r.SkyAtmosphere.MultiScatteringLUT.SampleCount:15.0]]
[2020.07.15-14.14.46:825][  0]LogConfig: Applying CVar settings from Section [FoliageQuality@3] File [E:/artMafia/MafiaGame/Saved/Config/Windows/Scalability.ini]
[2020.07.15-14.14.46:825][  0]LogConfig: Setting CVar [[foliage.DensityScale:1.0]]
[2020.07.15-14.14.46:825][  0]LogConfig: Setting CVar [[grass.DensityScale:1.0]]
[2020.07.15-14.14.46:825][  0]LogConfig: Applying CVar settings from Section [ShadingQuality@3] File [E:/artMafia/MafiaGame/Saved/Config/Windows/Scalability.ini]
[2020.07.15-14.14.46:825][  0]LogConfig: Setting CVar [[r.HairStrands.SkyLighting.SampleCount:16]]
[2020.07.15-14.14.46:825][  0]LogConfig: Setting CVar [[r.HairStrands.SkyLighting.JitterIntegration:0]]
[2020.07.15-14.14.46:825][  0]LogConfig: Setting CVar [[r.HairStrands.SkyAO.SampleCount:16]]
[2020.07.15-14.14.46:825][  0]LogConfig: Setting CVar [[r.HairStrands.DeepShadow.SuperSampling:0]]
[2020.07.15-14.14.46:825][  0]LogConfig: Setting CVar [[r.HairStrands.VisibilityPPLL:0]]
[2020.07.15-14.14.46:825][  0]LogConfig: Setting CVar [[r.HairStrands.RasterizationScale:0.5]]
[2020.07.15-14.14.46:825][  0]LogConfig: Setting CVar [[r.HairStrands.VelocityRasterizationScale:1]]
[2020.07.15-14.14.46:825][  0]LogConfig: Applying CVar settings from Section [Startup] File [../../../Engine/Config/ConsoleVariables.ini]
[2020.07.15-14.14.46:826][  0]LogConfig: Setting CVar [[net.UseAdaptiveNetUpdateFrequency:0]]
[2020.07.15-14.14.46:826][  0]LogConfig: Setting CVar [[p.chaos.AllowCreatePhysxBodies:1]]
[2020.07.15-14.14.46:826][  0]LogConfig: Setting CVar [[fx.SkipVectorVMBackendOptimizations:1]]
[2020.07.15-14.14.46:826][  0]LogConfig: Applying CVar settings from Section [ConsoleVariables] File [E:/artMafia/MafiaGame/Saved/Config/Windows/Engine.ini]
[2020.07.15-14.14.46:826][  0]LogInit: Computer: DESKTOP-NVG105D
[2020.07.15-14.14.46:826][  0]LogInit: User: vikto
[2020.07.15-14.14.46:826][  0]LogInit: CPU Page size=4096, Cores=4
[2020.07.15-14.14.46:826][  0]LogInit: High frequency timer resolution =10.000000 MHz
[2020.07.15-14.14.46:826][  0]LogMemory: Memory total: Physical=13.9GB (14GB approx)
[2020.07.15-14.14.46:826][  0]LogMemory: Platform Memory Stats for Windows
[2020.07.15-14.14.46:826][  0]LogMemory: Process Physical Memory: 114.44 MB used, 114.44 MB peak
[2020.07.15-14.14.46:826][  0]LogMemory: Process Virtual Memory: 96.24 MB used, 96.24 MB peak
[2020.07.15-14.14.46:826][  0]LogMemory: Physical Memory: 7522.95 MB used,  6745.01 MB free, 14267.96 MB total
[2020.07.15-14.14.46:826][  0]LogMemory: Virtual Memory: 5146.00 MB used,  134212584.00 MB free, 134217728.00 MB total
[2020.07.15-14.14.46:834][  0]LogWindows: WindowsPlatformFeatures enabled
[2020.07.15-14.14.46:878][  0]LogInit: Physics initialised using underlying interface: PhysX
[2020.07.15-14.14.46:879][  0]LogInit: Using OS detected language (uk-UA).
[2020.07.15-14.14.46:879][  0]LogInit: Using OS detected locale (uk-UA).
[2020.07.15-14.14.46:880][  0]LogTextLocalizationManager: No localization for 'uk-UA' exists, so 'en' will be used for the language.
[2020.07.15-14.14.47:098][  0]LogInit: Setting process to per monitor DPI aware
[2020.07.15-14.14.47:143][  0]LogSlate: New Slate User Created.  User Index 0, Is Virtual User: 0
[2020.07.15-14.14.47:143][  0]LogSlate: Slate User Registered.  User Index 0, Is Virtual User: 0
[2020.07.15-14.14.47:347][  0]LogHMD: Failed to initialize OpenVR with code 110
[2020.07.15-14.14.47:347][  0]LogD3D11RHI: D3D11 min allowed feature level: 11_0
[2020.07.15-14.14.47:347][  0]LogD3D11RHI: D3D11 max allowed feature level: 11_0
[2020.07.15-14.14.47:347][  0]LogD3D11RHI: D3D11 adapters:
[2020.07.15-14.14.47:464][  0]LogD3D11RHI:    0. 'NVIDIA GeForce GTX 1050 Ti' (Feature Level 11_0)
[2020.07.15-14.14.47:464][  0]LogD3D11RHI:       4018/0/7133 MB DedicatedVideo/DedicatedSystem/SharedSystem, Outputs:1, VendorId:0x10de
[2020.07.15-14.14.47:495][  0]LogD3D11RHI:    1. 'AMD Radeon(TM) RX Vega 11 Graphics' (Feature Level 11_0)
[2020.07.15-14.14.47:495][  0]LogD3D11RHI:       2032/0/7133 MB DedicatedVideo/DedicatedSystem/SharedSystem, Outputs:0, VendorId:0x1002
[2020.07.15-14.14.47:498][  0]LogD3D11RHI:    2. 'Microsoft Basic Render Driver' (Feature Level 11_0)
[2020.07.15-14.14.47:498][  0]LogD3D11RHI:       0/0/7133 MB DedicatedVideo/DedicatedSystem/SharedSystem, Outputs:0, VendorId:0x1414
[2020.07.15-14.14.47:498][  0]LogD3D11RHI: Chosen D3D11 Adapter: 0
[2020.07.15-14.14.47:521][  0]LogD3D11RHI: Creating new Direct3DDevice
[2020.07.15-14.14.47:522][  0]LogD3D11RHI:     GPU DeviceId: 0x1c82 (for the marketing name, search the web for "GPU Device Id")
[2020.07.15-14.14.47:522][  0]LogWindows: EnumDisplayDevices:
[2020.07.15-14.14.47:522][  0]LogWindows:    0. 'AMD Radeon(TM) RX Vega 11 Graphics' (P:1 D:1)
[2020.07.15-14.14.47:522][  0]LogWindows:    1. 'AMD Radeon(TM) RX Vega 11 Graphics' (P:0 D:0)
[2020.07.15-14.14.47:523][  0]LogWindows:    2. 'AMD Radeon(TM) RX Vega 11 Graphics' (P:0 D:0)
[2020.07.15-14.14.47:523][  0]LogWindows:    3. 'AMD Radeon(TM) RX Vega 11 Graphics' (P:0 D:0)
[2020.07.15-14.14.47:524][  0]LogWindows:    4. 'AMD Radeon(TM) RX Vega 11 Graphics' (P:0 D:0)
[2020.07.15-14.14.47:524][  0]LogWindows:    5. 'AMD Radeon(TM) RX Vega 11 Graphics' (P:0 D:0)
[2020.07.15-14.14.47:525][  0]LogWindows:    6. 'NVIDIA GeForce GTX 1050 Ti' (P:0 D:0)
[2020.07.15-14.14.47:525][  0]LogWindows:    7. 'NVIDIA GeForce GTX 1050 Ti' (P:0 D:0)
[2020.07.15-14.14.47:525][  0]LogWindows:    8. 'NVIDIA GeForce GTX 1050 Ti' (P:0 D:0)
[2020.07.15-14.14.47:525][  0]LogWindows:    9. 'NVIDIA GeForce GTX 1050 Ti' (P:0 D:0)
[2020.07.15-14.14.47:526][  0]LogWindows: DebugString: PrimaryIsNotTheChoosenAdapter PrimaryIsNotTheChoosenAdapter PrimaryIsNotTheChoosenAdapter PrimaryIsNotTheChoosenAdapter PrimaryIsNotTheChoosenAdapter PrimaryIsNotTheChoosenAdapter FoundDriverCount:4 
[2020.07.15-14.14.47:526][  0]LogD3D11RHI:     Adapter Name: NVIDIA GeForce GTX 1050 Ti
[2020.07.15-14.14.47:526][  0]LogD3D11RHI:   Driver Version: 445.87 (internal:26.21.14.4587, unified:445.87)
[2020.07.15-14.14.47:526][  0]LogD3D11RHI:      Driver Date: 4-3-2020
[2020.07.15-14.14.47:526][  0]LogRHI: Texture pool is 2812 MB (70% of 4018 MB)
[2020.07.15-14.14.47:611][  0]LogD3D11RHI: RHI has support for 64 bit atomics
[2020.07.15-14.14.47:614][  0]LogD3D11RHI: [Aftermath] Enabled and primed
[2020.07.15-14.14.47:614][  0]LogD3D11RHI: Async texture creation enabled
[2020.07.15-14.14.47:614][  0]LogD3D11RHI: Array index from any shader is supported
[2020.07.15-14.14.47:642][  0]LogD3D11RHI: GPU Timing Frequency: 1000.000000 (Debug: 2 1)
[2020.07.15-14.14.47:998][  0]LogTargetPlatformManager: Display: Loaded TargetPlatform 'AllDesktop'
[2020.07.15-14.14.48:028][  0]LogTargetPlatformManager: Display: Loaded TargetPlatform 'Android'
[2020.07.15-14.14.48:028][  0]LogTargetPlatformManager: Display: Loaded TargetPlatform 'Android_ASTC'
[2020.07.15-14.14.48:028][  0]LogTargetPlatformManager: Display: Loaded TargetPlatform 'Android_DXT'
[2020.07.15-14.14.48:028][  0]LogTargetPlatformManager: Display: Loaded TargetPlatform 'Android_ETC2'
[2020.07.15-14.14.48:028][  0]LogTargetPlatformManager: Display: Loaded TargetPlatform 'AndroidClient'
[2020.07.15-14.14.48:028][  0]LogTargetPlatformManager: Display: Loaded TargetPlatform 'Android_ASTCClient'
[2020.07.15-14.14.48:028][  0]LogTargetPlatformManager: Display: Loaded TargetPlatform 'Android_DXTClient'
[2020.07.15-14.14.48:028][  0]LogTargetPlatformManager: Display: Loaded TargetPlatform 'Android_ETC2Client'
[2020.07.15-14.14.48:028][  0]LogTargetPlatformManager: Display: Loaded TargetPlatform 'Android_Multi'
[2020.07.15-14.14.48:028][  0]LogTargetPlatformManager: Display: Loaded TargetPlatform 'Android_MultiClient'
[2020.07.15-14.14.48:063][  0]LogTargetPlatformManager: Display: Loaded TargetPlatform 'IOSClient'
[2020.07.15-14.14.48:063][  0]LogTargetPlatformManager: Display: Loaded TargetPlatform 'IOS'
[2020.07.15-14.14.48:077][  0]LogTargetPlatformManager: Display: Loaded TargetPlatform 'Linux'
[2020.07.15-14.14.48:089][  0]LogTargetPlatformManager: Display: Loaded TargetPlatform 'LinuxNoEditor'
[2020.07.15-14.14.48:103][  0]LogTargetPlatformManager: Display: Loaded TargetPlatform 'LinuxClient'
[2020.07.15-14.14.48:118][  0]LogTargetPlatformManager: Display: Loaded TargetPlatform 'LinuxServer'
[2020.07.15-14.14.48:132][  0]LogTargetPlatformManager: Display: Loaded TargetPlatform 'LinuxAArch64NoEditor'
[2020.07.15-14.14.48:146][  0]LogTargetPlatformManager: Display: Loaded TargetPlatform 'LinuxAArch64Client'
[2020.07.15-14.14.48:159][  0]LogTargetPlatformManager: Display: Loaded TargetPlatform 'LinuxAArch64Server'
[2020.07.15-14.14.48:195][  0]LogTargetPlatformManager: Display: Loaded TargetPlatform 'Lumin'
[2020.07.15-14.14.48:195][  0]LogTargetPlatformManager: Display: Loaded TargetPlatform 'LuminClient'
[2020.07.15-14.14.48:217][  0]LogTargetPlatformManager: Display: Loaded TargetPlatform 'TVOSClient'
[2020.07.15-14.14.48:217][  0]LogTargetPlatformManager: Display: Loaded TargetPlatform 'TVOS'
[2020.07.15-14.14.48:230][  0]LogTargetPlatformManager: Display: Loaded TargetPlatform 'WindowsNoEditor'
[2020.07.15-14.14.48:244][  0]LogTargetPlatformManager: Display: Loaded TargetPlatform 'Windows'
[2020.07.15-14.14.48:257][  0]LogTargetPlatformManager: Display: Loaded TargetPlatform 'WindowsClient'
[2020.07.15-14.14.48:271][  0]LogTargetPlatformManager: Display: Loaded TargetPlatform 'WindowsServer'
[2020.07.15-14.14.48:271][  0]LogTargetPlatformManager: Display: Building Assets For Windows
[2020.07.15-14.14.48:285][  0]LogAudioDebug: Display: Lib vorbis DLL was dynamically loaded.
[2020.07.15-14.14.48:403][  0]LogShaderCompilers: Guid format shader working directory is 9 characters bigger than the processId version (../../../../../../artMafia/MafiaGame/Intermediate/Shaders/WorkingDirectory/13712/).
[2020.07.15-14.14.48:404][  0]LogShaderCompilers: Cleaned the shader compiler working directory 'C:/Users/vikto/AppData/Local/Temp/UnrealShaderWorkingDir/4602116A4FC16D0CCE563B95EA469A46/'.
[2020.07.15-14.14.48:404][  0]LogXGEController: Cannot use XGE Controller as Incredibuild is not installed on this machine.
[2020.07.15-14.14.48:404][  0]LogShaderCompilers: Cannot use XGE Shader Compiler as Incredibuild is not installed on this machine.
[2020.07.15-14.14.48:404][  0]LogShaderCompilers: Display: Using Local Shader Compiler.
[2020.07.15-14.14.49:219][  0]LogDerivedDataCache: Display: Max Cache Size: 512 MB
[2020.07.15-14.14.49:277][  0]LogDerivedDataCache: Loaded boot cache 0.06s 75MB C:/Users/vikto/AppData/Local/UnrealEngine/4.25/DerivedDataCache/Boot.ddc.
[2020.07.15-14.14.49:278][  0]LogDerivedDataCache: Display: Loaded Boot cache: C:/Users/vikto/AppData/Local/UnrealEngine/4.25/DerivedDataCache/Boot.ddc
[2020.07.15-14.14.49:278][  0]LogDerivedDataCache: FDerivedDataBackendGraph:  Pak pak cache file ../../../../../../artMafia/MafiaGame/DerivedDataCache/DDC.ddp not found, will not use a pak cache.
[2020.07.15-14.14.49:278][  0]LogDerivedDataCache: Unable to find inner node Pak for hierarchical cache Hierarchy.
[2020.07.15-14.14.49:278][  0]LogDerivedDataCache: FDerivedDataBackendGraph:  CompressedPak pak cache file ../../../../../../artMafia/MafiaGame/DerivedDataCache/Compressed.ddp not found, will not use a pak cache.
[2020.07.15-14.14.49:278][  0]LogDerivedDataCache: Unable to find inner node CompressedPak for hierarchical cache Hierarchy.
[2020.07.15-14.14.49:291][  0]LogDerivedDataCache: Display: Pak cache opened for reading ../../../Engine/DerivedDataCache/Compressed.ddp.
[2020.07.15-14.14.49:291][  0]LogDerivedDataCache: FDerivedDataBackendGraph:  EnterprisePak pak cache file ../../../Enterprise/DerivedDataCache/Compressed.ddp not found, will not use a pak cache.
[2020.07.15-14.14.49:291][  0]LogDerivedDataCache: Unable to find inner node EnterprisePak for hierarchical cache Hierarchy.
[2020.07.15-14.14.49:293][  0]LogDerivedDataCache: Using Local data cache path C:/Users/vikto/AppData/Local/UnrealEngine/Common/DerivedDataCache: Writable
[2020.07.15-14.14.49:293][  0]LogDerivedDataCache: Shared data cache path not found in *engine.ini, will not use an Shared cache.
[2020.07.15-14.14.49:293][  0]LogDerivedDataCache: Unable to find inner node Shared for hierarchical cache Hierarchy.
[2020.07.15-14.14.49:355][  0]LogSlate: Using FreeType 2.10.0
[2020.07.15-14.14.49:355][  0]LogSlate: SlateFontServices - WITH_FREETYPE: 1, WITH_HARFBUZZ: 1
[2020.07.15-14.14.49:386][  0]LogAssetRegistry: FAssetRegistry took 0.0032 seconds to start up
[2020.07.15-14.14.49:690][  0]LogInit: Selected Device Profile: [Windows]
[2020.07.15-14.14.49:852][  0]LogMeshReduction: Using QuadricMeshReduction for automatic static mesh reduction
[2020.07.15-14.14.49:852][  0]LogMeshReduction: Using SimplygonMeshReduction for automatic skeletal mesh reduction
[2020.07.15-14.14.49:852][  0]LogMeshReduction: Using ProxyLODMeshReduction for automatic mesh merging
[2020.07.15-14.14.49:852][  0]LogMeshReduction: No distributed automatic mesh merging module available
[2020.07.15-14.14.49:852][  0]LogMeshMerging: No distributed automatic mesh merging module available
[2020.07.15-14.14.49:872][  0]LogNetVersion: MafiaGame 1.0.0, NetCL: 13144385, EngineNetVer: 14, GameNetVer: 0 (Checksum: 1002246912)
[2020.07.15-14.14.50:318][  0]LogAISub: UAISubsystem::UAISubsystem AISubsystem (0000029C4A9DDBC0), frame # 0
[2020.07.15-14.14.50:318][  0]LogAISub: UAISubsystem::UAISubsystem AIPerceptionSystem (0000029C4A936AC0), frame # 0
[2020.07.15-14.14.50:320][  0]LogAISub: UAISubsystem::UAISubsystem EnvQueryManager (0000029C4A98E000), frame # 0
[2020.07.15-14.14.50:376][  0]LogPackageLocalizationCache: Processed 19 localized package path(s) for 1 prioritized culture(s) in 0.049494 seconds
[2020.07.15-14.14.50:384][  0]LogUObjectArray: 15917 objects as part of root set at end of initial load.
[2020.07.15-14.14.50:385][  0]LogUObjectAllocator: 3965568 out of 0 bytes used by permanent object pool.
[2020.07.15-14.14.50:385][  0]LogUObjectArray: CloseDisregardForGC: 0/0 objects in disregard for GC pool
[2020.07.15-14.14.50:855][  0]LogTcpMessaging: Initializing TcpMessaging bridge
[2020.07.15-14.14.50:918][  0]LogUdpMessaging: Initializing bridge on interface 0.0.0.0:0 to multicast group 230.0.0.1:6666.
[2020.07.15-14.14.51:036][  0]SourceControl: Source control is disabled
[2020.07.15-14.14.51:036][  0]SourceControl: Source control is disabled
[2020.07.15-14.14.51:040][  0]SourceControl: Source control is disabled
[2020.07.15-14.14.51:045][  0]SourceControl: Source control is disabled
[2020.07.15-14.14.51:054][  0]SourceControl: Source control is disabled
[2020.07.15-14.14.51:074][  0]LogVSAccessor: Display: Unable to create Visual Studio setup instance: 80040154
[2020.07.15-14.14.51:074][  0]LogVSAccessor: Display: Unable to create Visual Studio setup instance: 80040154
[2020.07.15-14.14.51:421][  0]LogAndroidPermission: UAndroidPermissionCallbackProxy::GetInstance
[2020.07.15-14.14.51:454][  0]LogAudioCaptureCore: Display: No Audio Capture implementations found. Audio input will be silent.
[2020.07.15-14.14.51:454][  0]LogAudioCaptureCore: Display: No Audio Capture implementations found. Audio input will be silent.
[2020.07.15-14.14.51:520][  0]LogOcInput: OculusInput pre-init called
[2020.07.15-14.14.51:534][  0]LogWindows: Failed to load 'OVRPlugin.dll' (GetLastError=126)
[2020.07.15-14.14.51:534][  0]LogWindows: File 'OVRPlugin.dll' does not exist
[2020.07.15-14.14.51:614][  0]LogEngine: Initializing Engine...
[2020.07.15-14.14.51:616][  0]LogHMD: Failed to initialize OpenVR with code 110
[2020.07.15-14.14.51:616][  0]LogMagicLeap: Warning: VR disabled because ZI is not enabled.  To enable, in the editor, Edit -> Project Settings -> Plugins -> Magic Leap Plugin -> Enable Zero Iteration
[2020.07.15-14.14.51:617][  0]LogStats: UGameplayTagsManager::InitializeManager -  0.000 s
[2020.07.15-14.14.51:743][  0]LogInit: Initializing FReadOnlyCVARCache
[2020.07.15-14.14.51:753][  0]LogAIModule: Creating AISystem for world Untitled
[2020.07.15-14.14.51:753][  0]LogAISub: UAISubsystem::UAISubsystem EnvQueryManager (0000029C50FB7C00), frame # 0
[2020.07.15-14.14.51:753][  0]LogAISub: UAISubsystem::UAISubsystem AIPerceptionSystem (0000029C51007B00), frame # 0
[2020.07.15-14.14.51:771][  0]LogAudioMixer: Display: Audio Mixer Platform Settings:
[2020.07.15-14.14.51:771][  0]LogAudioMixer: Display: 	Sample Rate:						  48000
[2020.07.15-14.14.51:771][  0]LogAudioMixer: Display: 	Callback Buffer Frame Size Requested: 1024
[2020.07.15-14.14.51:771][  0]LogAudioMixer: Display: 	Callback Buffer Frame Size To Use:	  1024
[2020.07.15-14.14.51:771][  0]LogAudioMixer: Display: 	Number of buffers to queue:			  2
[2020.07.15-14.14.51:771][  0]LogAudioMixer: Display: 	Max Channels (voices):				  32
[2020.07.15-14.14.51:771][  0]LogAudioMixer: Display: 	Number of Async Source Workers:		  0
[2020.07.15-14.14.51:771][  0]LogAudio: Display: AudioDevice MaxSources: 32
[2020.07.15-14.14.51:772][  0]LogAudio: Display: Using built-in audio occlusion.
[2020.07.15-14.14.51:772][  0]LogAudioMixer: Display: Initializing audio mixer.
[2020.07.15-14.14.51:796][  0]LogAudioMixer: Display: 0: FrontLeft
[2020.07.15-14.14.51:796][  0]LogAudioMixer: Display: 1: FrontRight
[2020.07.15-14.14.51:839][  0]LogAudioMixer: Display: Using Audio Device Speakers (Realtek(R) Audio)
[2020.07.15-14.14.51:842][  0]LogAudioMixer: Display: Initializing Sound Submixes...
[2020.07.15-14.14.51:844][  0]LogAudioMixer: Display: Creating Master Submix 'MasterSubmixDefault'
[2020.07.15-14.14.51:844][  0]LogAudioMixer: Display: Creating Master Submix 'MasterReverbSubmixDefault'
[2020.07.15-14.14.51:846][  0]LogAudioMixer: Display: Creating Master Submix 'MasterEQSubmixDefault'
[2020.07.15-14.14.51:847][  0]LogInit: FAudioDevice initialized.
[2020.07.15-14.14.51:847][  0]LogNetVersion: Set ProjectVersion to 1.0.0.0. Version Checksum will be recalculated on next use.
[2020.07.15-14.14.51:976][  0]LogDerivedDataCache: Saved boot cache 0.13s 75MB C:/Users/vikto/AppData/Local/UnrealEngine/4.25/DerivedDataCache/Boot.ddc.
[2020.07.15-14.14.51:981][  0]LogInit: Texture streaming: Enabled
[2020.07.15-14.14.52:007][  0]LogEngineSessionManager: EngineSessionManager initialized
[2020.07.15-14.14.52:007][  0]LogEditorSessionSummary: Verbose: Initializing EditorSessionSummaryWriter for editor session tracking
[2020.07.15-14.14.52:009][  0]LogEditorSessionSummary: EditorSessionSummaryWriter initialized
[2020.07.15-14.14.52:031][  0]LogInit: Transaction tracking system initialized
[2020.07.15-14.14.52:065][  0]BlueprintLog: New page: Editor Load
[2020.07.15-14.14.52:170][  0]LocalizationService: Localization service is disabled
[2020.07.15-14.14.52:322][  0]LogVSAccessor: Display: Unable to create Visual Studio setup instance: 80040154
[2020.07.15-14.14.52:324][  0]LogVSAccessor: Display: Unable to create Visual Studio setup instance: 80040154
[2020.07.15-14.14.52:401][  0]LogCook: Display: Max memory allowance for cook 16384mb min free memory 0mb
[2020.07.15-14.14.52:401][  0]LogCook: Display: Mobile HDR setting 1
[2020.07.15-14.14.52:591][  0]LogFileCache: Scanning file cache for directory 'E:/artMafia/MafiaGame/Content/' took 0.01s
[2020.07.15-14.14.52:832][  0]SourceControl: Source control is disabled
[2020.07.15-14.14.52:832][  0]LogUnrealEdMisc: Loading editor; pre map load, took 8.374
[2020.07.15-14.14.52:832][  0]Cmd: MAP LOAD FILE="../../../../../../artMafia/MafiaGame/Content/FirstPersonBP/Maps/FirstPersonExampleMap.umap" TEMPLATE=0 SHOWPROGRESS=1 FEATURELEVEL=3
[2020.07.15-14.14.52:833][  0]LightingResults: New page: Lighting Build
[2020.07.15-14.14.52:833][  0]LogWorld: UWorld::CleanupWorld for Untitled, bSessionEnded=true, bCleanupResources=true
[2020.07.15-14.14.52:833][  0]LogSlate: InvalidateAllWidgets triggered.  All widgets were invalidated
[2020.07.15-14.14.52:834][  0]MapCheck: New page: Map Check
[2020.07.15-14.14.52:834][  0]LightingResults: New page: Lighting Build
[2020.07.15-14.14.52:843][  0]LogAISub: UAISubsystem::~UAISubsystem EnvQueryManager (0000029C50FB7C00), frame # 0
[2020.07.15-14.14.52:843][  0]LogAISub: UAISubsystem::~UAISubsystem AIPerceptionSystem (0000029C51007B00), frame # 0
[2020.07.15-14.14.52:844][  0]LogUObjectHash: Compacting FUObjectHashTables data took   0.75ms
[2020.07.15-14.14.54:172][  0]LogPhysics: Warning: Failed to cook TriMesh: /Game/MyContent/3d/BabyGrandPiano1_Line041.BabyGrandPiano1_Line041.
[2020.07.15-14.14.54:172][  0]LogPhysics: Warning: Attempt to build physics data for /Game/MyContent/3d/BabyGrandPiano1_Line041.BabyGrandPiano1_Line041:BodySetup_0 when we are unable to.
[2020.07.15-14.14.54:174][  0]LogPhysics: Warning: Failed to cook TriMesh: /Game/MyContent/3d/BabyGrandPiano1_Line040.BabyGrandPiano1_Line040.
[2020.07.15-14.14.54:174][  0]LogPhysics: Warning: Attempt to build physics data for /Game/MyContent/3d/BabyGrandPiano1_Line040.BabyGrandPiano1_Line040:BodySetup_0 when we are unable to.
[2020.07.15-14.14.54:176][  0]LogPhysics: Warning: Failed to cook TriMesh: /Game/MyContent/3d/BabyGrandPiano1_Line039.BabyGrandPiano1_Line039.
[2020.07.15-14.14.54:176][  0]LogPhysics: Warning: Attempt to build physics data for /Game/MyContent/3d/BabyGrandPiano1_Line039.BabyGrandPiano1_Line039:BodySetup_0 when we are unable to.
[2020.07.15-14.14.54:177][  0]LogPhysics: Warning: Failed to cook TriMesh: /Game/MyContent/3d/BabyGrandPiano1_Line037.BabyGrandPiano1_Line037.
[2020.07.15-14.14.54:177][  0]LogPhysics: Warning: Attempt to build physics data for /Game/MyContent/3d/BabyGrandPiano1_Line037.BabyGrandPiano1_Line037:BodySetup_0 when we are unable to.
[2020.07.15-14.14.54:183][  0]LogPhysics: Warning: Failed to cook TriMesh: /Game/MyContent/3d/BabyGrandPiano1_Line038.BabyGrandPiano1_Line038.
[2020.07.15-14.14.54:183][  0]LogPhysics: Warning: Attempt to build physics data for /Game/MyContent/3d/BabyGrandPiano1_Line038.BabyGrandPiano1_Line038:BodySetup_0 when we are unable to.
[2020.07.15-14.14.54:187][  0]LogPhysics: Warning: Failed to cook TriMesh: /Game/MyContent/3d/BabyGrandPiano1_Line033.BabyGrandPiano1_Line033.
[2020.07.15-14.14.54:187][  0]LogPhysics: Warning: Attempt to build physics data for /Game/MyContent/3d/BabyGrandPiano1_Line033.BabyGrandPiano1_Line033:BodySetup_0 when we are unable to.
[2020.07.15-14.14.54:190][  0]LogPhysics: Warning: Failed to cook TriMesh: /Game/MyContent/3d/BabyGrandPiano1_Line031.BabyGrandPiano1_Line031.
[2020.07.15-14.14.54:190][  0]LogPhysics: Warning: Attempt to build physics data for /Game/MyContent/3d/BabyGrandPiano1_Line031.BabyGrandPiano1_Line031:BodySetup_0 when we are unable to.
[2020.07.15-14.14.54:204][  0]LogPhysics: Warning: Failed to cook TriMesh: /Game/MyContent/3d/BabyGrandPiano1_Line027.BabyGrandPiano1_Line027.
[2020.07.15-14.14.54:204][  0]LogPhysics: Warning: Attempt to build physics data for /Game/MyContent/3d/BabyGrandPiano1_Line027.BabyGrandPiano1_Line027:BodySetup_0 when we are unable to.
[2020.07.15-14.14.54:207][  0]LogPhysics: Warning: Failed to cook TriMesh: /Game/MyContent/3d/BabyGrandPiano1_Line026.BabyGrandPiano1_Line026.
[2020.07.15-14.14.54:207][  0]LogPhysics: Warning: Attempt to build physics data for /Game/MyContent/3d/BabyGrandPiano1_Line026.BabyGrandPiano1_Line026:BodySetup_0 when we are unable to.
[2020.07.15-14.14.54:210][  0]LogPhysics: Warning: Failed to cook TriMesh: /Game/MyContent/3d/BabyGrandPiano1_Line025.BabyGrandPiano1_Line025.
[2020.07.15-14.14.54:210][  0]LogPhysics: Warning: Attempt to build physics data for /Game/MyContent/3d/BabyGrandPiano1_Line025.BabyGrandPiano1_Line025:BodySetup_0 when we are unable to.
[2020.07.15-14.14.54:213][  0]LogPhysics: Warning: Failed to cook TriMesh: /Game/MyContent/3d/BabyGrandPiano1_Line024.BabyGrandPiano1_Line024.
[2020.07.15-14.14.54:213][  0]LogPhysics: Warning: Attempt to build physics data for /Game/MyContent/3d/BabyGrandPiano1_Line024.BabyGrandPiano1_Line024:BodySetup_0 when we are unable to.
[2020.07.15-14.14.54:216][  0]LogPhysics: Warning: Failed to cook TriMesh: /Game/MyContent/3d/BabyGrandPiano1_Line023.BabyGrandPiano1_Line023.
[2020.07.15-14.14.54:216][  0]LogPhysics: Warning: Attempt to build physics data for /Game/MyContent/3d/BabyGrandPiano1_Line023.BabyGrandPiano1_Line023:BodySetup_0 when we are unable to.
[2020.07.15-14.14.54:218][  0]LogPhysics: Warning: Failed to cook TriMesh: /Game/MyContent/3d/BabyGrandPiano1_Line022.BabyGrandPiano1_Line022.
[2020.07.15-14.14.54:218][  0]LogPhysics: Warning: Attempt to build physics data for /Game/MyContent/3d/BabyGrandPiano1_Line022.BabyGrandPiano1_Line022:BodySetup_0 when we are unable to.
[2020.07.15-14.14.54:221][  0]LogPhysics: Warning: Failed to cook TriMesh: /Game/MyContent/3d/BabyGrandPiano1_Line020.BabyGrandPiano1_Line020.
[2020.07.15-14.14.54:221][  0]LogPhysics: Warning: Attempt to build physics data for /Game/MyContent/3d/BabyGrandPiano1_Line020.BabyGrandPiano1_Line020:BodySetup_0 when we are unable to.
[2020.07.15-14.14.54:224][  0]LogPhysics: Warning: Failed to cook TriMesh: /Game/MyContent/3d/BabyGrandPiano1_Line019.BabyGrandPiano1_Line019.
[2020.07.15-14.14.54:224][  0]LogPhysics: Warning: Attempt to build physics data for /Game/MyContent/3d/BabyGrandPiano1_Line019.BabyGrandPiano1_Line019:BodySetup_0 when we are unable to.
[2020.07.15-14.14.54:227][  0]LogPhysics: Warning: Failed to cook TriMesh: /Game/MyContent/3d/BabyGrandPiano1_Line018.BabyGrandPiano1_Line018.
[2020.07.15-14.14.54:227][  0]LogPhysics: Warning: Attempt to build physics data for /Game/MyContent/3d/BabyGrandPiano1_Line018.BabyGrandPiano1_Line018:BodySetup_0 when we are unable to.
[2020.07.15-14.14.54:236][  0]LogPhysics: Warning: Failed to cook TriMesh: /Game/MyContent/3d/BabyGrandPiano1_Line014.BabyGrandPiano1_Line014.
[2020.07.15-14.14.54:236][  0]LogPhysics: Warning: Attempt to build physics data for /Game/MyContent/3d/BabyGrandPiano1_Line014.BabyGrandPiano1_Line014:BodySetup_0 when we are unable to.
[2020.07.15-14.14.54:239][  0]LogPhysics: Warning: Failed to cook TriMesh: /Game/MyContent/3d/BabyGrandPiano1_Line013.BabyGrandPiano1_Line013.
[2020.07.15-14.14.54:239][  0]LogPhysics: Warning: Attempt to build physics data for /Game/MyContent/3d/BabyGrandPiano1_Line013.BabyGrandPiano1_Line013:BodySetup_0 when we are unable to.
[2020.07.15-14.14.54:241][  0]LogPhysics: Warning: Failed to cook TriMesh: /Game/MyContent/3d/BabyGrandPiano1_Line012.BabyGrandPiano1_Line012.
[2020.07.15-14.14.54:242][  0]LogPhysics: Warning: Attempt to build physics data for /Game/MyContent/3d/BabyGrandPiano1_Line012.BabyGrandPiano1_Line012:BodySetup_0 when we are unable to.
[2020.07.15-14.14.54:244][  0]LogPhysics: Warning: Failed to cook TriMesh: /Game/MyContent/3d/BabyGrandPiano1_Line011.BabyGrandPiano1_Line011.
[2020.07.15-14.14.54:244][  0]LogPhysics: Warning: Attempt to build physics data for /Game/MyContent/3d/BabyGrandPiano1_Line011.BabyGrandPiano1_Line011:BodySetup_0 when we are unable to.
[2020.07.15-14.14.54:246][  0]LogPhysics: Warning: Failed to cook TriMesh: /Game/MyContent/3d/BabyGrandPiano1_Line010.BabyGrandPiano1_Line010.
[2020.07.15-14.14.54:247][  0]LogPhysics: Warning: Attempt to build physics data for /Game/MyContent/3d/BabyGrandPiano1_Line010.BabyGrandPiano1_Line010:BodySetup_0 when we are unable to.
[2020.07.15-14.14.54:249][  0]LogPhysics: Warning: Failed to cook TriMesh: /Game/MyContent/3d/BabyGrandPiano1_Line009.BabyGrandPiano1_Line009.
[2020.07.15-14.14.54:249][  0]LogPhysics: Warning: Attempt to build physics data for /Game/MyContent/3d/BabyGrandPiano1_Line009.BabyGrandPiano1_Line009:BodySetup_0 when we are unable to.
[2020.07.15-14.14.54:251][  0]LogPhysics: Warning: Failed to cook TriMesh: /Game/MyContent/3d/BabyGrandPiano1_Line008.BabyGrandPiano1_Line008.
[2020.07.15-14.14.54:251][  0]LogPhysics: Warning: Attempt to build physics data for /Game/MyContent/3d/BabyGrandPiano1_Line008.BabyGrandPiano1_Line008:BodySetup_0 when we are unable to.
[2020.07.15-14.14.54:256][  0]LogPhysics: Warning: Failed to cook TriMesh: /Game/MyContent/3d/BabyGrandPiano1_Line006.BabyGrandPiano1_Line006.
[2020.07.15-14.14.54:256][  0]LogPhysics: Warning: Attempt to build physics data for /Game/MyContent/3d/BabyGrandPiano1_Line006.BabyGrandPiano1_Line006:BodySetup_0 when we are unable to.
[2020.07.15-14.14.54:259][  0]LogPhysics: Warning: Failed to cook TriMesh: /Game/MyContent/3d/BabyGrandPiano1_Line005.BabyGrandPiano1_Line005.
[2020.07.15-14.14.54:259][  0]LogPhysics: Warning: Attempt to build physics data for /Game/MyContent/3d/BabyGrandPiano1_Line005.BabyGrandPiano1_Line005:BodySetup_0 when we are unable to.
[2020.07.15-14.14.54:788][  0]LogAIModule: Creating AISystem for world FirstPersonExampleMap
[2020.07.15-14.14.54:789][  0]LogAISub: UAISubsystem::UAISubsystem EnvQueryManager (0000029C702A0A00), frame # 0
[2020.07.15-14.14.54:789][  0]LogAISub: UAISubsystem::UAISubsystem AIPerceptionSystem (0000029C70262840), frame # 0
[2020.07.15-14.14.54:829][  0]LogEditorServer: Finished looking for orphan Actors (0.000 secs)
[2020.07.15-14.14.54:897][  0]LogUObjectHash: Compacting FUObjectHashTables data took   1.68ms
[2020.07.15-14.14.54:899][  0]Cmd: MAP CHECKDEP NOCLEARLOG
[2020.07.15-14.14.54:900][  0]MapCheck: Map check complete: 0 Error(s), 0 Warning(s), took 0,184ms to complete.
[2020.07.15-14.14.54:900][  0]LogFileHelpers: Loading map 'FirstPersonExampleMap' took 2.068
[2020.07.15-14.14.54:902][  0]LogUnrealEdMisc: Total Editor Startup Time, took 10.444
[2020.07.15-14.14.55:048][  0]LogSlate: Updating window title bar state: overlay mode, drag disabled, window buttons hidden, title bar hidden
[2020.07.15-14.14.55:057][  0]LogSlate: Updating window title bar state: overlay mode, drag disabled, window buttons hidden, title bar hidden
[2020.07.15-14.14.55:065][  0]LogSlate: Updating window title bar state: overlay mode, drag disabled, window buttons hidden, title bar hidden
[2020.07.15-14.14.55:074][  0]LogSlate: Updating window title bar state: overlay mode, drag disabled, window buttons hidden, title bar hidden
[2020.07.15-14.14.55:082][  0]LogCollectionManager: Loaded 0 collections in 0.000902 seconds
[2020.07.15-14.14.55:099][  0]LogFileCache: Scanning file cache for directory 'E:/artMafia/MafiaGame/Saved/Collections/' took 0.00s
[2020.07.15-14.14.55:099][  0]LogFileCache: Scanning file cache for directory 'E:/artMafia/MafiaGame/Content/Developers/vikto/Collections/' took 0.00s
[2020.07.15-14.14.55:099][  0]LogFileCache: Scanning file cache for directory 'E:/artMafia/MafiaGame/Content/Collections/' took 0.00s
[2020.07.15-14.14.55:099][  0]LogContentBrowser: Native class hierarchy populated in 0.0125 seconds. Added 3427 classes and 821 folders.
[2020.07.15-14.14.55:102][  0]LogContentBrowser: Native class hierarchy updated for 'WidgetCarousel' in 0.0003 seconds. Added 0 classes and 0 folders.
[2020.07.15-14.14.55:165][  0]LogContentBrowser: Native class hierarchy updated for 'AddContentDialog' in 0.0003 seconds. Added 0 classes and 0 folders.
[2020.07.15-14.14.55:166][  0]LogContentBrowser: Native class hierarchy updated for 'SceneOutliner' in 0.0003 seconds. Added 2 classes and 0 folders.
[2020.07.15-14.14.55:358][  0]LogSlate: Took 0.000500 seconds to synchronously load lazily loaded font '../../../Engine/Content/Slate/Fonts/Roboto-Regular.ttf' (155K)
[2020.07.15-14.14.55:361][  0]LogSlate: Took 0.000263 seconds to synchronously load lazily loaded font '../../../Engine/Content/Slate/Fonts/Roboto-Bold.ttf' (160K)
[2020.07.15-14.14.55:366][  0]LogSlate: Took 0.000220 seconds to synchronously load lazily loaded font '../../../Engine/Content/Editor/Slate/Fonts/FontAwesome.ttf' (139K)
[2020.07.15-14.14.55:442][  0]LogRenderer: Reallocating scene render targets to support 1208x572 Format 10 NumSamples 1 (Frame:1).
[2020.07.15-14.14.55:709][  0]LogContentBrowser: Native class hierarchy updated for 'HierarchicalLODOutliner' in 0.0003 seconds. Added 0 classes and 0 folders.
[2020.07.15-14.14.55:709][  0]LogLoad: (Engine Initialization) Total time: 11.25 seconds
[2020.07.15-14.14.55:709][  0]LogLoad: (Engine Initialization) Total Blueprint compile time: 0.00 seconds
[2020.07.15-14.14.55:774][  0]LogContentStreaming: Texture pool size now 1000 MB
[2020.07.15-14.14.55:786][  0]LogSlate: Took 0.000216 seconds to synchronously load lazily loaded font '../../../Engine/Content/Slate/Fonts/Roboto-Light.ttf' (167K)
[2020.07.15-14.14.55:812][  1]LogAssetRegistry: Asset discovery search completed in 6.4264 seconds
[2020.07.15-14.14.55:816][  1]LogCollectionManager: Fixed up redirectors for 0 collections in 0.000002 seconds (updated 0 objects)
[2020.07.15-14.15.00:825][198]LogFileCache: Retrieving MD5 hashes for directory 'E:/artMafia/MafiaGame/Content/' took 5.10s
[2020.07.15-14.15.06:375][422]LogSlate: Took 0.000185 seconds to synchronously load lazily loaded font '../../../Engine/Content/Slate/Fonts/Roboto-Light.ttf' (167K)
[2020.07.15-14.15.06:405][422]LogLinker: Warning: While loading '../../../../../../artMafia/MafiaGame/Content/RoomITMafia.umap' failed to load '/Game/MyContent/3d/it/boxwood_plant_obj/boxwood_plant_obj/ground_Mat': Can't find file.
[2020.07.15-14.15.06:405][422]LogLinker: Warning: While loading '../../../../../../artMafia/MafiaGame/Content/RoomITMafia.umap' failed to load '/Game/MyContent/3d/it/boxwood_plant_obj/boxwood_plant_obj/ground_Mat': Can't find file.
[2020.07.15-14.15.06:405][422]LogLinker: Warning: While loading '../../../../../../artMafia/MafiaGame/Content/RoomITMafia.umap' failed to load '/Game/MyContent/3d/it/Chair_baxter_greta-Cloth-2_Mat': Can't find file.
[2020.07.15-14.15.06:405][422]LogLinker: Warning: While loading '../../../../../../artMafia/MafiaGame/Content/RoomITMafia.umap' failed to load '/Game/MyContent/3d/it/Chair_baxter_greta-Cloth-2_Mat': Can't find file.
[2020.07.15-14.15.06:415][422]LogLinker: Warning: While loading '../../../../../../artMafia/MafiaGame/Content/RoomITMafia.umap' failed to load '/Game/MyContent/3d/it/boxwood_plant_obj/boxwood_plant_obj/ground_Mat': Can't find file.
[2020.07.15-14.15.06:415][422]LogLinker: Warning: While loading '../../../../../../artMafia/MafiaGame/Content/RoomITMafia.umap' failed to load '/Game/MyContent/3d/it/boxwood_plant_obj/boxwood_plant_obj/ground_Mat': Can't find file.
[2020.07.15-14.15.06:415][422]LogLinker: Warning: While loading '../../../../../../artMafia/MafiaGame/Content/RoomITMafia.umap' failed to load '/Game/MyContent/3d/it/Chair_baxter_greta-Cloth-2_Mat': Can't find file.
[2020.07.15-14.15.06:415][422]LogLinker: Warning: While loading '../../../../../../artMafia/MafiaGame/Content/RoomITMafia.umap' failed to load '/Game/MyContent/3d/it/Chair_baxter_greta-Cloth-2_Mat': Can't find file.
[2020.07.15-14.15.06:445][422]LogLinker: Warning: While loading '../../../../../../artMafia/MafiaGame/Content/RoomITMafia.umap' failed to load '/Game/MyContent/3d/it/boxwood_plant_obj/boxwood_plant_obj/ground_Mat': Can't find file.
[2020.07.15-14.15.06:445][422]LoadErrors: Failed to load /Game/MyContent/3d/it/boxwood_plant_obj/boxwood_plant_obj/ground_Mat.ground_Mat Referenced by boxwood_plant_boxwood_plant02_11
[2020.07.15-14.15.06:445][422]LogLinker: Warning: While loading '../../../../../../artMafia/MafiaGame/Content/RoomITMafia.umap' failed to load '/Game/MyContent/3d/it/boxwood_plant_obj/boxwood_plant_obj/ground_Mat': Can't find file.
[2020.07.15-14.15.06:446][422]LogLinker: Warning: While loading '../../../../../../artMafia/MafiaGame/Content/RoomITMafia.umap' failed to load '/Game/MyContent/3d/it/Chair_baxter_greta-Cloth-2_Mat': Can't find file.
[2020.07.15-14.15.06:446][422]LoadErrors: Failed to load /Game/MyContent/3d/it/Chair_baxter_greta-Cloth-2_Mat.Chair_baxter_greta-Cloth-2_Mat Referenced by wall_clock_0_Retopo2_42
[2020.07.15-14.15.06:446][422]LogLinker: Warning: While loading '../../../../../../artMafia/MafiaGame/Content/RoomITMafia.umap' failed to load '/Game/MyContent/3d/it/Chair_baxter_greta-Cloth-2_Mat': Can't find file.
[2020.07.15-14.15.06:446][422]LogLinker: Warning: While loading '../../../../../../artMafia/MafiaGame/Content/RoomITMafia.umap' failed to load '/Game/MyContent/3d/it/Chair_baxter_greta-Cloth-2_Mat': Can't find file.
[2020.07.15-14.15.06:446][422]LoadErrors: Failed to load /Game/MyContent/3d/it/Chair_baxter_greta-Cloth-2_Mat.Chair_baxter_greta-Cloth-2_Mat Referenced by wall_clock_38
[2020.07.15-14.15.06:446][422]LogLinker: Warning: While loading '../../../../../../artMafia/MafiaGame/Content/RoomITMafia.umap' failed to load '/Game/MyContent/3d/it/Chair_baxter_greta-Cloth-2_Mat': Can't find file.
[2020.07.15-14.15.06:446][422]LogLinker: Warning: While loading '../../../../../../artMafia/MafiaGame/Content/RoomITMafia.umap' failed to load '/Game/MyContent/3d/it/Chair_baxter_greta-Cloth-2_Mat': Can't find file.
[2020.07.15-14.15.06:446][422]LoadErrors: Failed to load /Game/MyContent/3d/it/Chair_baxter_greta-Cloth-2_Mat.Chair_baxter_greta-Cloth-2_Mat Referenced by wall_clock_40
[2020.07.15-14.15.06:447][422]LogLinker: Warning: While loading '../../../../../../artMafia/MafiaGame/Content/RoomITMafia.umap' failed to load '/Game/MyContent/3d/it/Chair_baxter_greta-Cloth-2_Mat': Can't find file.
[2020.07.15-14.15.06:447][422]LogLinker: Warning: While loading '../../../../../../artMafia/MafiaGame/Content/RoomITMafia.umap' failed to load '/Game/MyContent/3d/it/Chair_baxter_greta-Cloth-2_Mat': Can't find file.
[2020.07.15-14.15.06:447][422]LoadErrors: Failed to load /Game/MyContent/3d/it/Chair_baxter_greta-Cloth-2_Mat.Chair_baxter_greta-Cloth-2_Mat Referenced by wall_clock_Object001_Retopo2_44
[2020.07.15-14.15.06:447][422]LogLinker: Warning: While loading '../../../../../../artMafia/MafiaGame/Content/RoomITMafia.umap' failed to load '/Game/MyContent/3d/it/Chair_baxter_greta-Cloth-2_Mat': Can't find file.
[2020.07.15-14.15.06:447][422]LogLinker: Warning: While loading '../../../../../../artMafia/MafiaGame/Content/RoomITMafia.umap' failed to load '/Game/MyContent/3d/it/Chair_baxter_greta-Cloth-2_Mat': Can't find file.
[2020.07.15-14.15.06:447][422]LoadErrors: Failed to load /Game/MyContent/3d/it/Chair_baxter_greta-Cloth-2_Mat.Chair_baxter_greta-Cloth-2_Mat Referenced by wall_clock_Object003_Retopo2_48
[2020.07.15-14.15.06:447][422]LogLinker: Warning: While loading '../../../../../../artMafia/MafiaGame/Content/RoomITMafia.umap' failed to load '/Game/MyContent/3d/it/Chair_baxter_greta-Cloth-2_Mat': Can't find file.
[2020.07.15-14.15.06:447][422]LogLinker: Warning: While loading '../../../../../../artMafia/MafiaGame/Content/RoomITMafia.umap' failed to load '/Game/MyContent/3d/it/Chair_baxter_greta-Cloth-2_Mat': Can't find file.
[2020.07.15-14.15.06:448][422]LoadErrors: Failed to load /Game/MyContent/3d/it/Chair_baxter_greta-Cloth-2_Mat.Chair_baxter_greta-Cloth-2_Mat Referenced by wall_clock_Object003_Retopo3_52
[2020.07.15-14.15.06:448][422]LogLinker: Warning: While loading '../../../../../../artMafia/MafiaGame/Content/RoomITMafia.umap' failed to load '/Game/MyContent/3d/it/Chair_baxter_greta-Cloth-2_Mat': Can't find file.
[2020.07.15-14.15.06:448][422]LogLinker: Warning: While loading '../../../../../../artMafia/MafiaGame/Content/RoomITMafia.umap' failed to load '/Game/MyContent/3d/it/Chair_baxter_greta-Cloth-2_Mat': Can't find file.
[2020.07.15-14.15.06:448][422]LoadErrors: Failed to load /Game/MyContent/3d/it/Chair_baxter_greta-Cloth-2_Mat.Chair_baxter_greta-Cloth-2_Mat Referenced by wall_clock_Object004_Retopo2_54
[2020.07.15-14.15.06:448][422]LogLinker: Warning: While loading '../../../../../../artMafia/MafiaGame/Content/RoomITMafia.umap' failed to load '/Game/MyContent/3d/it/Chair_baxter_greta-Cloth-2_Mat': Can't find file.
[2020.07.15-14.15.06:448][422]LogLinker: Warning: While loading '../../../../../../artMafia/MafiaGame/Content/RoomITMafia.umap' failed to load '/Game/MyContent/3d/it/Chair_baxter_greta-Cloth-2_Mat': Can't find file.
[2020.07.15-14.15.06:448][422]LoadErrors: Failed to load /Game/MyContent/3d/it/Chair_baxter_greta-Cloth-2_Mat.Chair_baxter_greta-Cloth-2_Mat Referenced by wall_clock_Object004_Retopo3_56
[2020.07.15-14.15.06:448][422]LogLinker: Warning: While loading '../../../../../../artMafia/MafiaGame/Content/RoomITMafia.umap' failed to load '/Game/MyContent/3d/it/Chair_baxter_greta-Cloth-2_Mat': Can't find file.
[2020.07.15-14.15.06:449][422]LogLinker: Warning: While loading '../../../../../../artMafia/MafiaGame/Content/RoomITMafia.umap' failed to load '/Game/MyContent/3d/it/Chair_baxter_greta-Cloth-2_Mat': Can't find file.
[2020.07.15-14.15.06:449][422]LoadErrors: Failed to load /Game/MyContent/3d/it/Chair_baxter_greta-Cloth-2_Mat.Chair_baxter_greta-Cloth-2_Mat Referenced by wall_clock_Object004_Retopo4_58
[2020.07.15-14.15.06:449][422]LogLinker: Warning: While loading '../../../../../../artMafia/MafiaGame/Content/RoomITMafia.umap' failed to load '/Game/MyContent/3d/it/Chair_baxter_greta-Cloth-2_Mat': Can't find file.
[2020.07.15-14.15.06:449][422]LogLinker: Warning: While loading '../../../../../../artMafia/MafiaGame/Content/RoomITMafia.umap' failed to load '/Game/MyContent/3d/it/Chair_baxter_greta-Cloth-2_Mat': Can't find file.
[2020.07.15-14.15.06:449][422]LoadErrors: Failed to load /Game/MyContent/3d/it/Chair_baxter_greta-Cloth-2_Mat.Chair_baxter_greta-Cloth-2_Mat Referenced by wall_clock_Object004_Retopo5_60
[2020.07.15-14.15.06:449][422]LogLinker: Warning: While loading '../../../../../../artMafia/MafiaGame/Content/RoomITMafia.umap' failed to load '/Game/MyContent/3d/it/Chair_baxter_greta-Cloth-2_Mat': Can't find file.
[2020.07.15-14.15.06:449][422]LogLinker: Warning: While loading '../../../../../../artMafia/MafiaGame/Content/RoomITMafia.umap' failed to load '/Game/MyContent/3d/it/Chair_baxter_greta-Cloth-2_Mat': Can't find file.
[2020.07.15-14.15.06:449][422]LoadErrors: Failed to load /Game/MyContent/3d/it/Chair_baxter_greta-Cloth-2_Mat.Chair_baxter_greta-Cloth-2_Mat Referenced by wall_clock_Object004_Retopo6_62
[2020.07.15-14.15.06:449][422]LogLinker: Warning: While loading '../../../../../../artMafia/MafiaGame/Content/RoomITMafia.umap' failed to load '/Game/MyContent/3d/it/Chair_baxter_greta-Cloth-2_Mat': Can't find file.
[2020.07.15-14.15.06:449][422]LogLinker: Warning: While loading '../../../../../../artMafia/MafiaGame/Content/RoomITMafia.umap' failed to load '/Game/MyContent/3d/it/Chair_baxter_greta-Cloth-2_Mat': Can't find file.
[2020.07.15-14.15.06:449][422]LoadErrors: Failed to load /Game/MyContent/3d/it/Chair_baxter_greta-Cloth-2_Mat.Chair_baxter_greta-Cloth-2_Mat Referenced by wall_clock_Object004_Retopo7_64
[2020.07.15-14.15.06:450][422]LogLinker: Warning: While loading '../../../../../../artMafia/MafiaGame/Content/RoomITMafia.umap' failed to load '/Game/MyContent/3d/it/Chair_baxter_greta-Cloth-2_Mat': Can't find file.
[2020.07.15-14.15.06:450][422]LogLinker: Warning: While loading '../../../../../../artMafia/MafiaGame/Content/RoomITMafia.umap' failed to load '/Game/MyContent/3d/it/Chair_baxter_greta-Cloth-2_Mat': Can't find file.
[2020.07.15-14.15.06:450][422]LoadErrors: Failed to load /Game/MyContent/3d/it/Chair_baxter_greta-Cloth-2_Mat.Chair_baxter_greta-Cloth-2_Mat Referenced by wall_clock_Object004_Retopo8_66
[2020.07.15-14.15.06:450][422]LogLinker: Warning: While loading '../../../../../../artMafia/MafiaGame/Content/RoomITMafia.umap' failed to load '/Game/MyContent/3d/it/Chair_baxter_greta-Cloth-2_Mat': Can't find file.
[2020.07.15-14.15.06:450][422]LogLinker: Warning: While loading '../../../../../../artMafia/MafiaGame/Content/RoomITMafia.umap' failed to load '/Game/MyContent/3d/it/Chair_baxter_greta-Cloth-2_Mat': Can't find file.
[2020.07.15-14.15.06:450][422]LoadErrors: Failed to load /Game/MyContent/3d/it/Chair_baxter_greta-Cloth-2_Mat.Chair_baxter_greta-Cloth-2_Mat Referenced by wall_clock_Object004_Retopo9_68
[2020.07.15-14.15.06:450][422]LogLinker: Warning: While loading '../../../../../../artMafia/MafiaGame/Content/RoomITMafia.umap' failed to load '/Game/MyContent/3d/it/Chair_baxter_greta-Cloth-2_Mat': Can't find file.
[2020.07.15-14.15.06:450][422]LogLinker: Warning: While loading '../../../../../../artMafia/MafiaGame/Content/RoomITMafia.umap' failed to load '/Game/MyContent/3d/it/Chair_baxter_greta-Cloth-2_Mat': Can't find file.
[2020.07.15-14.15.06:450][422]LoadErrors: Failed to load /Game/MyContent/3d/it/Chair_baxter_greta-Cloth-2_Mat.Chair_baxter_greta-Cloth-2_Mat Referenced by wall_clock_Object005_Retopo2_70
[2020.07.15-14.15.06:450][422]LogLinker: Warning: While loading '../../../../../../artMafia/MafiaGame/Content/RoomITMafia.umap' failed to load '/Game/MyContent/3d/it/Chair_baxter_greta-Cloth-2_Mat': Can't find file.
[2020.07.15-14.15.06:811][422]LogAssetEditorSubsystem: Opening Asset editor for World /Game/RoomITMafia.RoomITMafia
[2020.07.15-14.15.06:823][422]LogUObjectHash: Compacting FUObjectHashTables data took   1.42ms
[2020.07.15-14.15.06:825][422]Cmd: MAP LOAD FILE="../../../../../../artMafia/MafiaGame/Content/RoomITMafia.umap" TEMPLATE=0 SHOWPROGRESS=1 FEATURELEVEL=3
[2020.07.15-14.15.06:825][422]LightingResults: New page: Lighting Build
[2020.07.15-14.15.06:825][422]LoadErrors: New page: Loading map: RoomITMafia.umap
[2020.07.15-14.15.06:830][422]LogWorld: UWorld::CleanupWorld for FirstPersonExampleMap, bSessionEnded=true, bCleanupResources=true
[2020.07.15-14.15.06:830][422]LogSlate: InvalidateAllWidgets triggered.  All widgets were invalidated
[2020.07.15-14.15.06:830][422]MapCheck: New page: Map Check
[2020.07.15-14.15.06:830][422]LightingResults: New page: Lighting Build
[2020.07.15-14.15.06:843][422]LogAISub: UAISubsystem::~UAISubsystem EnvQueryManager (0000029C702A0A00), frame # 422
[2020.07.15-14.15.06:843][422]LogAISub: UAISubsystem::~UAISubsystem AIPerceptionSystem (0000029C70262840), frame # 422
[2020.07.15-14.15.06:844][422]LogUObjectHash: Compacting FUObjectHashTables data took   1.12ms
[2020.07.15-14.15.06:925][422]LogEditorServer: Finished looking for orphan Actors (0.000 secs)
[2020.07.15-14.15.06:925][422]LogAIModule: Creating AISystem for world RoomITMafia
[2020.07.15-14.15.06:925][422]LogAISub: UAISubsystem::UAISubsystem EnvQueryManager (0000029C55EF5E00), frame # 422
[2020.07.15-14.15.06:925][422]LogAISub: UAISubsystem::UAISubsystem AIPerceptionSystem (0000029C6FE151C0), frame # 422
[2020.07.15-14.15.06:936][422]LogUObjectHash: Compacting FUObjectHashTables data took   0.65ms
[2020.07.15-14.15.06:958][422]Cmd: MAP CHECKDEP NOCLEARLOG
[2020.07.15-14.15.06:958][422]MapCheck: Map check complete: 0 Error(s), 0 Warning(s), took 0,107ms to complete.
[2020.07.15-14.15.06:958][422]LogFileHelpers: Loading map 'RoomITMafia' took 0.133
[2020.07.15-14.15.26:521][584]LogFactory: FactoryCreateFile: Texture with ReimportTextureFactory (0 0 C:\Users\vikto\Desktop\textures\textile\750425-4b227add06ebb6db6ccd5efe9de19524.jpg)
[2020.07.15-14.15.26:559][584]LogTexture: Display: Building textures: 750425-4b227add06ebb6db6ccd5efe9de19524 (AutoDXT, 1000X1000)
[2020.07.15-14.15.31:460][840]Cmd: OBJ SAVEPACKAGE PACKAGE="/Game/RoomITMafia" FILE="../../../../../../artMafia/MafiaGame/Content/RoomITMafia.umap" SILENT=true AUTOSAVING=false KEEPDIRTY=false
[2020.07.15-14.15.31:471][840]LogUObjectHash: Compacting FUObjectHashTables data took   0.66ms
[2020.07.15-14.15.31:534][840]LogSavePackage: Moving '../../../../../../artMafia/MafiaGame/Saved/RoomITMafia6DBF9E31484423ED6364D4B043DAAED9.tmp' to '../../../../../../artMafia/MafiaGame/Content/RoomITMafia.umap'
[2020.07.15-14.15.31:557][840]Cmd: OBJ SAVEPACKAGE PACKAGE="/Game/RoomITMafia_BuiltData" FILE="../../../../../../artMafia/MafiaGame/Content/RoomITMafia_BuiltData.uasset" SILENT=true
[2020.07.15-14.15.31:613][840]LogSavePackage: Moving '../../../../../../artMafia/MafiaGame/Saved/RoomITMafia_BuiltDataD56EE7BB46BA04981D46F389D8D735A0.tmp' to '../../../../../../artMafia/MafiaGame/Content/RoomITMafia_BuiltData.uasset'
[2020.07.15-14.15.31:625][840]AssetCheck: New page: Asset Save: multiple assets
[2020.07.15-14.15.31:625][840]LogContentValidation: Display: Validating World /Game/RoomITMafia.RoomITMafia
[2020.07.15-14.15.31:625][840]LogContentValidation: Display: Validating MapBuildDataRegistry /Game/RoomITMafia_BuiltData.RoomITMafia_BuiltData
[2020.07.15-14.17.06:036][754]LogTexture: Display: Building textures: wallpaper-58 (AutoDXT, 1000X1000)
[2020.07.15-14.17.06:037][754]LogMaterial: Display: Missing cached shader map for material wallpaper-58_Mat, compiling. 
[2020.07.15-14.17.06:105][754]LogShaderCompilers: Display: Worker (1/5): shaders left to compile 15
[2020.07.15-14.17.06:105][754]LogShaderCompilers: Display: Worker (2/5): shaders left to compile 11
[2020.07.15-14.17.06:105][754]LogShaderCompilers: Display: Worker (3/5): shaders left to compile 7
[2020.07.15-14.17.06:105][754]LogShaderCompilers: Display: Worker (4/5): shaders left to compile 3
[2020.07.15-14.17.23:800][159]LogAssetEditorSubsystem: Opening Asset editor for Material /Game/MyContent/275374-6b096a9a4b961c5961555a90bde90f98_Mat.275374-6b096a9a4b961c5961555a90bde90f98_Mat
[2020.07.15-14.17.23:839][159]LogMaterial: Display: Missing cached shader map for material 275374-6b096a9a4b961c5961555a90bde90f98_Mat, compiling. 
[2020.07.15-14.17.24:648][159]LogMaterial: Display: Missing cached shader map for material 275374-6b096a9a4b961c5961555a90bde90f98_Mat, compiling. 
[2020.07.15-14.17.24:661][159]LogShaderCompilers: Display: Worker (1/5): shaders left to compile 9
[2020.07.15-14.17.24:662][159]LogShaderCompilers: Display: Worker (2/5): shaders left to compile 8
[2020.07.15-14.17.24:662][159]LogShaderCompilers: Display: Worker (3/5): shaders left to compile 7
[2020.07.15-14.17.24:662][159]LogShaderCompilers: Display: Worker (4/5): shaders left to compile 6
[2020.07.15-14.17.24:692][159]LogMaterial: Display: Missing cached shader map for material FMatExpressionPreview MaterialExpressionTextureSample_0, compiling. 
[2020.07.15-14.17.24:782][159]LogSlate: Took 0.000223 seconds to synchronously load lazily loaded font '../../../Engine/Content/Slate/Fonts/Roboto-BoldCondensed.ttf' (158K)
[2020.07.15-14.17.25:229][160]LogShaderCompilers: Display: Worker (3/5): shaders left to compile 9
[2020.07.15-14.17.25:390][165]LogShaderCompilers: Display: Worker (2/5): shaders left to compile 8
[2020.07.15-14.17.25:677][176]LogShaderCompilers: Display: Worker (4/5): shaders left to compile 7
[2020.07.15-14.17.25:701][177]LogShaderCompilers: Display: Worker (1/5): shaders left to compile 6
[2020.07.15-14.17.26:065][190]LogShaderCompilers: Display: Worker (2/5): shaders left to compile 5
[2020.07.15-14.17.26:405][201]LogShaderCompilers: Display: Worker (3/5): shaders left to compile 4
[2020.07.15-14.17.26:711][214]LogShaderCompilers: Display: Worker (1/5): shaders left to compile 3
[2020.07.15-14.17.26:760][216]LogShaderCompilers: Display: Worker (2/5): shaders left to compile 2
[2020.07.15-14.17.26:816][218]LogShaderCompilers: Display: Worker (4/5): shaders left to compile 1
[2020.07.15-14.17.26:853][219]MaterialEditorStats: Base pass shader: 120 instructions
[2020.07.15-14.17.26:853][219]MaterialEditorStats: Base pass shader with Volumetric Lightmap: 194 instructions
[2020.07.15-14.17.26:853][219]MaterialEditorStats: Base pass vertex shader: 44 instructions
[2020.07.15-14.17.26:853][219]MaterialEditorStats: Texture samplers: 3/16
[2020.07.15-14.17.26:853][219]MaterialEditorStats: Texture Lookups (Est.): VS(0), PS(1)
[2020.07.15-14.17.26:853][219]MaterialEditorStats: User interpolators: 2/4 Scalars (1/4 Vectors) (TexCoords: 2, Custom: 0)
[2020.07.15-14.17.26:897][219]LogSlate: Took 0.026048 seconds to synchronously load lazily loaded font '../../../Engine/Content/Slate/Fonts/DroidSansMono.ttf' (77K)
[2020.07.15-14.17.31:247][499]LogMaterialEditor: Saving and Compiling material 275374-6b096a9a4b961c5961555a90bde90f98_Mat
[2020.07.15-14.17.37:128][499]LogSlate: Window 'Save Asset As' being destroyed
[2020.07.15-14.17.39:592][558]LogTexture: Display: Building textures: 899819-6b65dacf506ebfed85fd2fd10d1e105d (AutoDXT, 1000X1000)
[2020.07.15-14.17.39:593][558]LogMaterial: Display: Missing cached shader map for material 899819-6b65dacf506ebfed85fd2fd10d1e105d_Mat, compiling. 
[2020.07.15-14.17.39:610][558]LogShaderCompilers: Display: Worker (1/5): shaders left to compile 15
[2020.07.15-14.17.39:610][558]LogShaderCompilers: Display: Worker (2/5): shaders left to compile 11
[2020.07.15-14.17.39:610][558]LogShaderCompilers: Display: Worker (3/5): shaders left to compile 7
[2020.07.15-14.17.39:610][558]LogShaderCompilers: Display: Worker (4/5): shaders left to compile 3
[2020.07.15-14.18.27:240][121]LogSlate: Window '275374-6b096a9a4b961c5961555a90bde90f98_Mat' being destroyed
[2020.07.15-14.18.27:247][121]LogSlate: Window '275374-6b096a9a4b961c5961555a90bde90f98_Mat' being destroyed
[2020.07.15-14.18.27:323][121]LogWorld: UWorld::CleanupWorld for World_1, bSessionEnded=true, bCleanupResources=true
[2020.07.15-14.18.27:323][121]LogSlate: InvalidateAllWidgets triggered.  All widgets were invalidated
[2020.07.15-14.19.17:438][841]Cmd: OBJ SAVEPACKAGE PACKAGE="/Game/RoomITMafia" FILE="../../../../../../artMafia/MafiaGame/Content/RoomITMafia.umap" SILENT=true AUTOSAVING=false KEEPDIRTY=false
[2020.07.15-14.19.17:452][841]LogUObjectHash: Compacting FUObjectHashTables data took   0.83ms
[2020.07.15-14.19.17:509][841]LogSavePackage: Moving '../../../../../../artMafia/MafiaGame/Saved/RoomITMafia15D1D3A7449AD86DB44A6594F4FCED30.tmp' to '../../../../../../artMafia/MafiaGame/Content/RoomITMafia.umap'
[2020.07.15-14.19.17:535][841]Cmd: OBJ SAVEPACKAGE PACKAGE="/Game/RoomITMafia_BuiltData" FILE="../../../../../../artMafia/MafiaGame/Content/RoomITMafia_BuiltData.uasset" SILENT=true
[2020.07.15-14.19.17:552][841]LogSavePackage: Moving '../../../../../../artMafia/MafiaGame/Saved/RoomITMafia_BuiltDataDF8505B3422A4C03667A6792E428C860.tmp' to '../../../../../../artMafia/MafiaGame/Content/RoomITMafia_BuiltData.uasset'
[2020.07.15-14.19.17:564][841]AssetCheck: New page: Asset Save: multiple assets
[2020.07.15-14.19.17:564][841]LogContentValidation: Display: Validating World /Game/RoomITMafia.RoomITMafia
[2020.07.15-14.19.17:564][841]LogContentValidation: Display: Validating MapBuildDataRegistry /Game/RoomITMafia_BuiltData.RoomITMafia_BuiltData
[2020.07.15-14.21.48:899][556]LogEditorViewport: Clicking on Actor (LMB): StaticMeshActor (SM_Classic_Leather_Armchair3)
[2020.07.15-14.21.56:397][218]Cmd: OBJ SAVEPACKAGE PACKAGE="/Game/RoomITMafia" FILE="../../../../../../artMafia/MafiaGame/Content/RoomITMafia.umap" SILENT=true AUTOSAVING=false KEEPDIRTY=false
[2020.07.15-14.21.56:409][218]LogUObjectHash: Compacting FUObjectHashTables data took   0.84ms
[2020.07.15-14.21.56:482][218]LogSavePackage: Moving '../../../../../../artMafia/MafiaGame/Saved/RoomITMafia1EB7FD894AF06B9D1AB0BAB086A505E6.tmp' to '../../../../../../artMafia/MafiaGame/Content/RoomITMafia.umap'
[2020.07.15-14.21.56:509][218]Cmd: OBJ SAVEPACKAGE PACKAGE="/Game/RoomITMafia_BuiltData" FILE="../../../../../../artMafia/MafiaGame/Content/RoomITMafia_BuiltData.uasset" SILENT=true
[2020.07.15-14.21.56:530][218]LogSavePackage: Moving '../../../../../../artMafia/MafiaGame/Saved/RoomITMafia_BuiltData8BEB7A3F4D5A3C4FD7494D8918272203.tmp' to '../../../../../../artMafia/MafiaGame/Content/RoomITMafia_BuiltData.uasset'
[2020.07.15-14.21.56:541][218]AssetCheck: New page: Asset Save: multiple assets
[2020.07.15-14.21.56:541][218]LogContentValidation: Display: Validating World /Game/RoomITMafia.RoomITMafia
[2020.07.15-14.21.56:541][218]LogContentValidation: Display: Validating MapBuildDataRegistry /Game/RoomITMafia_BuiltData.RoomITMafia_BuiltData
[2020.07.15-14.22.02:061][436]LogEditorViewport: Clicking on Actor (LMB): StaticMeshActor (SM_Classic_Leather_Armchair3)
[2020.07.15-14.22.05:554][770]Cmd: EDIT COPY
[2020.07.15-14.22.06:299][839]Cmd: EDIT PASTE
[2020.07.15-14.22.13:463][496]LogEditorViewport: Clicking on Actor (LMB): StaticMeshActor (Wall_400x310)
[2020.07.15-14.22.15:328][669]LogEditorViewport: Clicking on Actor (context menu): StaticMeshActor (Wall_400x310)
[2020.07.15-14.22.16:033][729]LogEditorViewport: Clicking on Actor (LMB): StaticMeshActor (Wall_400x310)
[2020.07.15-14.22.17:102][829]Cmd: OBJ SAVEPACKAGE PACKAGE="/Game/RoomITMafia" FILE="../../../../../../artMafia/MafiaGame/Content/RoomITMafia.umap" SILENT=true AUTOSAVING=false KEEPDIRTY=false
[2020.07.15-14.22.17:114][829]LogUObjectHash: Compacting FUObjectHashTables data took   0.84ms
[2020.07.15-14.22.17:165][829]LogSavePackage: Moving '../../../../../../artMafia/MafiaGame/Saved/RoomITMafia82371B5E4D1A1876D6DC409C1273557C.tmp' to '../../../../../../artMafia/MafiaGame/Content/RoomITMafia.umap'
[2020.07.15-14.22.17:190][829]Cmd: OBJ SAVEPACKAGE PACKAGE="/Game/RoomITMafia_BuiltData" FILE="../../../../../../artMafia/MafiaGame/Content/RoomITMafia_BuiltData.uasset" SILENT=true
[2020.07.15-14.22.17:205][829]LogSavePackage: Moving '../../../../../../artMafia/MafiaGame/Saved/RoomITMafia_BuiltData892F031841C323BE6930B68D995C2225.tmp' to '../../../../../../artMafia/MafiaGame/Content/RoomITMafia_BuiltData.uasset'
[2020.07.15-14.22.17:217][829]AssetCheck: New page: Asset Save: multiple assets
[2020.07.15-14.22.17:217][829]LogContentValidation: Display: Validating World /Game/RoomITMafia.RoomITMafia
[2020.07.15-14.22.17:217][829]LogContentValidation: Display: Validating MapBuildDataRegistry /Game/RoomITMafia_BuiltData.RoomITMafia_BuiltData
[2020.07.15-14.25.44:678][668]LogEditorViewport: Clicking on Actor (LMB): StaticMeshActor (SM_Classic_Leather_Armchair4)
[2020.07.15-14.27.03:385][389]Cmd: OBJ SAVEPACKAGE PACKAGE="/Game/RoomITMafia" FILE="../../../../../../artMafia/MafiaGame/Content/RoomITMafia.umap" SILENT=true AUTOSAVING=false KEEPDIRTY=false
[2020.07.15-14.27.03:396][389]LogUObjectHash: Compacting FUObjectHashTables data took   0.31ms
[2020.07.15-14.27.03:463][389]LogSavePackage: Moving '../../../../../../artMafia/MafiaGame/Saved/RoomITMafiaAD3AB14541E9199676D0679F32AF7D55.tmp' to '../../../../../../artMafia/MafiaGame/Content/RoomITMafia.umap'
[2020.07.15-14.27.03:501][389]Cmd: OBJ SAVEPACKAGE PACKAGE="/Game/RoomITMafia_BuiltData" FILE="../../../../../../artMafia/MafiaGame/Content/RoomITMafia_BuiltData.uasset" SILENT=true
[2020.07.15-14.27.03:528][389]LogSavePackage: Moving '../../../../../../artMafia/MafiaGame/Saved/RoomITMafia_BuiltData2925A87348E1FC85D0123AA26D475D7F.tmp' to '../../../../../../artMafia/MafiaGame/Content/RoomITMafia_BuiltData.uasset'
[2020.07.15-14.27.03:540][389]AssetCheck: New page: Asset Save: multiple assets
[2020.07.15-14.27.03:540][389]LogContentValidation: Display: Validating World /Game/RoomITMafia.RoomITMafia
[2020.07.15-14.27.03:540][389]LogContentValidation: Display: Validating MapBuildDataRegistry /Game/RoomITMafia_BuiltData.RoomITMafia_BuiltData
[2020.07.15-14.27.04:822][493]LogSlate: Took 0.016037 seconds to synchronously load lazily loaded font '../../../Engine/Content/Slate/Fonts/Roboto-Italic.ttf' (157K)
